2026-03-25 21:28:15,750 | INFO | 🔍 正在扫描: /Volumes/download/records/Sony-2
2026-03-25 21:28:18,798 | INFO | 🔍 正在扫描: /Volumes/download/records/Sony-2
2026-03-25 21:28:21,851 | INFO | 🔍 正在扫描: /Volumes/download/records/Sony-2
2026-03-25 21:28:21,878 | INFO | 🔍 发现 1 个待处理文件
2026-03-25 21:28:21,879 | INFO |    处理顺序: TermuxAudioRecording_2026-03-25_21-27-20.m4a → ... → TermuxAudioRecording_2026-03-25_21-27-20.m4a
2026-03-25 21:28:21,879 | INFO | 📤 开始处理: TermuxAudioRecording_2026-03-25_21-27-20.m4a
2026-03-25 21:28:21,922 | INFO | 📥 收到转录任务: TermuxAudioRecording_2026-03-25_21-27-20.m4a
2026-03-25 21:28:21,922 | INFO |   [生命周期: 1. 音频预处理] 开始 (FFmpeg降噪、重采样、归一化)...
2026-03-25 21:28:23,207 | INFO |   [生命周期: 1. 音频预处理] 完成。
2026-03-25 21:28:23,274 | INFO |   [生命周期: 2. VAD & ASR] 开始 (FunASR语音检测与文字转录)...
2026-03-25 21:28:31,517 | INFO |   [生命周期: 2. VAD & ASR] 完成, VAD检出 30 个分段。
2026-03-25 21:28:31,518 | INFO |   [生命周期: 3. 逐段声纹识别] 开始...
2026-03-25 21:28:31,518 | INFO |     [3.1] 处理分段 170ms - 435ms...
2026-03-25 21:28:31,518 | INFO |       [3.1] 分段时长过短(265ms)，跳过声纹识别。
2026-03-25 21:28:31,518 | INFO |     [3.2] 处理分段 720ms - 2215ms...
2026-03-25 21:28:32,060 | INFO |       [SenseVoice] 不到个ず。 (情感: neutral)
2026-03-25 21:28:32,060 | INFO | 🎯 开始声纹识别: 音频段路径=temp/seg_720_1_1774445311.wav
2026-03-25 21:28:32,060 | INFO | 📋 声纹数据库包含 5 个说话人
2026-03-25 21:28:32,232 | INFO |       [性能] 未识别说话人，跳过后续处理
2026-03-25 21:28:32,232 | INFO |     [3.3] 处理分段 3000ms - 4940ms...
2026-03-25 21:28:32,649 | INFO |       [SenseVoice] 后来当时一枚房咧一枚。 (情感: neutral)
2026-03-25 21:28:32,649 | INFO | 🎯 开始声纹识别: 音频段路径=temp/seg_3000_2_1774445312.wav
2026-03-25 21:28:32,649 | INFO | 📋 声纹数据库包含 5 个说话人
2026-03-25 21:28:32,821 | INFO |       [性能] 未识别说话人，跳过后续处理
2026-03-25 21:28:32,821 | INFO |     [3.4] 处理分段 5100ms - 6860ms...
2026-03-25 21:28:33,269 | INFO |       [SenseVoice] 应该到快递。 (情感: neutral)
2026-03-25 21:28:33,269 | INFO | 🎯 开始声纹识别: 音频段路径=temp/seg_5100_3_1774445312.wav
2026-03-25 21:28:33,269 | INFO | 📋 声纹数据库包含 5 个说话人
2026-03-25 21:28:33,453 | INFO |       [性能] 未识别说话人，跳过后续处理
2026-03-25 21:28:33,453 | INFO |     [3.5] 处理分段 6860ms - 8440ms...
2026-03-25 21:28:33,911 | INFO |       [SenseVoice] 我这看两万块。 (情感: neutral)
2026-03-25 21:28:33,911 | INFO | 🎯 开始声纹识别: 音频段路径=temp/seg_6860_4_1774445313.wav
2026-03-25 21:28:33,911 | INFO | 📋 声纹数据库包含 5 个说话人
2026-03-25 21:28:34,052 | INFO |       [性能] 未识别说话人，跳过后续处理
2026-03-25 21:28:34,052 | INFO |     [3.6] 处理分段 8620ms - 9920ms...
2026-03-25 21:28:34,463 | INFO |       [SenseVoice] 所以说有人家快递。 (情感: neutral)
2026-03-25 21:28:34,463 | INFO | 🎯 开始声纹识别: 音频段路径=temp/seg_8620_5_1774445314.wav
2026-03-25 21:28:34,463 | INFO | 📋 声纹数据库包含 5 个说话人
2026-03-25 21:28:34,585 | INFO |       [性能] 未识别说话人，跳过后续处理
2026-03-25 21:28:34,585 | INFO |     [3.7] 处理分段 9940ms - 11025ms...
2026-03-25 21:28:35,236 | INFO |       [SenseVoice] そ系一个头。 (情感: neutral)
2026-03-25 21:28:35,236 | INFO | 🎯 开始声纹识别: 音频段路径=temp/seg_9940_6_1774445314.wav
2026-03-25 21:28:35,237 | INFO | 📋 声纹数据库包含 5 个说话人
2026-03-25 21:28:35,359 | INFO |       [性能] 未识别说话人，跳过后续处理
2026-03-25 21:28:35,359 | INFO |     [3.8] 处理分段 11700ms - 11920ms...
2026-03-25 21:28:35,359 | INFO |       [3.8] 分段时长过短(220ms)，跳过声纹识别。
2026-03-25 21:28:35,359 | INFO |     [3.9] 处理分段 11920ms - 16200ms...
2026-03-25 21:28:35,863 | INFO |       [SenseVoice] 然后怎就是不认说我不想回家。 (情感: neutral)
2026-03-25 21:28:35,863 | INFO | 🎯 开始声纹识别: 音频段路径=temp/seg_11920_8_1774445315.wav
2026-03-25 21:28:35,863 | INFO | 📋 声纹数据库包含 5 个说话人
2026-03-25 21:28:36,232 | INFO |       [性能] 未识别说话人，跳过后续处理
2026-03-25 21:28:36,233 | INFO |     [3.10] 处理分段 16200ms - 17100ms...
2026-03-25 21:28:36,671 | INFO |       [SenseVoice] 我不然围绕。 (情感: neutral)
2026-03-25 21:28:36,671 | INFO | 🎯 开始声纹识别: 音频段路径=temp/seg_16200_9_1774445316.wav
2026-03-25 21:28:36,671 | INFO | 📋 声纹数据库包含 5 个说话人
2026-03-25 21:28:36,765 | INFO |       [性能] 未识别说话人，跳过后续处理
2026-03-25 21:28:36,765 | INFO |     [3.11] 处理分段 17540ms - 22140ms...
2026-03-25 21:28:37,264 | INFO |       [SenseVoice] 看个同讲的是是修了盖。 (情感: neutral)
2026-03-25 21:28:37,264 | INFO | 🎯 开始声纹识别: 音频段路径=temp/seg_17540_10_1774445316.wav
2026-03-25 21:28:37,264 | INFO | 📋 声纹数据库包含 5 个说话人
2026-03-25 21:28:37,637 | INFO |       [性能] 未识别说话人，跳过后续处理
2026-03-25 21:28:37,637 | INFO |     [3.12] 处理分段 22140ms - 22380ms...
2026-03-25 21:28:37,637 | INFO |       [3.12] 分段时长过短(240ms)，跳过声纹识别。
2026-03-25 21:28:37,637 | INFO |     [3.13] 处理分段 22420ms - 23000ms...
2026-03-25 21:28:37,637 | INFO |       [3.13] 分段时长过短(580ms)，跳过声纹识别。
2026-03-25 21:28:37,637 | INFO |     [3.14] 处理分段 23040ms - 23280ms...
2026-03-25 21:28:37,637 | INFO |       [3.14] 分段时长过短(240ms)，跳过声纹识别。
2026-03-25 21:28:37,637 | INFO |     [3.15] 处理分段 23280ms - 23935ms...
2026-03-25 21:28:37,637 | INFO |       [3.15] 分段时长过短(655ms)，跳过声纹识别。
2026-03-25 21:28:37,637 | INFO |     [3.16] 处理分段 24800ms - 26175ms...
2026-03-25 21:28:38,076 | INFO |       [SenseVoice] 四个字太简了。 (情感: neutral)
2026-03-25 21:28:38,076 | INFO | 🎯 开始声纹识别: 音频段路径=temp/seg_24800_15_1774445317.wav
2026-03-25 21:28:38,076 | INFO | 📋 声纹数据库包含 5 个说话人
2026-03-25 21:28:38,200 | INFO |       [性能] 未识别说话人，跳过后续处理
2026-03-25 21:28:38,200 | INFO |     [3.17] 处理分段 26890ms - 27535ms...
2026-03-25 21:28:38,200 | INFO |       [3.17] 分段时长过短(645ms)，跳过声纹识别。
2026-03-25 21:28:38,200 | INFO |     [3.18] 处理分段 28290ms - 28805ms...
2026-03-25 21:28:38,200 | INFO |       [3.18] 分段时长过短(515ms)，跳过声纹识别。
2026-03-25 21:28:38,200 | INFO |     [3.19] 处理分段 30560ms - 33140ms...
2026-03-25 21:28:38,631 | INFO |       [SenseVoice] 有的东反映了现在的扩大。 (情感: neutral)
2026-03-25 21:28:38,631 | INFO | 🎯 开始声纹识别: 音频段路径=temp/seg_30560_18_1774445318.wav
2026-03-25 21:28:38,631 | INFO | 📋 声纹数据库包含 5 个说话人
2026-03-25 21:28:38,850 | INFO |       [性能] 未识别说话人，跳过后续处理
2026-03-25 21:28:38,850 | INFO |     [3.20] 处理分段 33780ms - 35515ms...
2026-03-25 21:28:39,270 | INFO |       [SenseVoice] 下了倒到这里。 (情感: neutral)
2026-03-25 21:28:39,270 | INFO | 🎯 开始声纹识别: 音频段路径=temp/seg_33780_19_1774445318.wav
2026-03-25 21:28:39,270 | INFO | 📋 声纹数据库包含 5 个说话人
2026-03-25 21:28:39,418 | INFO |       [性能] 未识别说话人，跳过后续处理
2026-03-25 21:28:39,418 | INFO |     [3.21] 处理分段 36060ms - 38070ms...
2026-03-25 21:28:39,883 | INFO |       [SenseVoice] ですねち何こぼに。 (情感: neutral)
2026-03-25 21:28:39,883 | INFO | 🎯 开始声纹识别: 音频段路径=temp/seg_36060_20_1774445319.wav
2026-03-25 21:28:39,883 | INFO | 📋 声纹数据库包含 5 个说话人
2026-03-25 21:28:40,050 | INFO |       [性能] 未识别说话人，跳过后续处理
2026-03-25 21:28:40,051 | INFO |     [3.22] 处理分段 38070ms - 39110ms...
2026-03-25 21:28:40,468 | INFO |       [SenseVoice] 都都在的。 (情感: neutral)
2026-03-25 21:28:40,468 | INFO | 🎯 开始声纹识别: 音频段路径=temp/seg_38070_21_1774445320.wav
2026-03-25 21:28:40,468 | INFO | 📋 声纹数据库包含 5 个说话人
2026-03-25 21:28:40,571 | INFO |       [性能] 未识别说话人，跳过后续处理
2026-03-25 21:28:40,571 | INFO |     [3.23] 处理分段 39430ms - 40570ms...
2026-03-25 21:28:40,989 | INFO |       [SenseVoice] 不止这两个就行了。 (情感: neutral)
2026-03-25 21:28:40,989 | INFO | 🎯 开始声纹识别: 音频段路径=temp/seg_39430_22_1774445320.wav
2026-03-25 21:28:40,989 | INFO | 📋 声纹数据库包含 5 个说话人
2026-03-25 21:28:41,097 | INFO |       [性能] 未识别说话人，跳过后续处理
2026-03-25 21:28:41,097 | INFO |     [3.24] 处理分段 40990ms - 42975ms...
2026-03-25 21:28:41,541 | INFO |       [SenseVoice] 可能是个可能相同。 (情感: neutral)
2026-03-25 21:28:41,541 | INFO | 🎯 开始声纹识别: 音频段路径=temp/seg_40990_23_1774445321.wav
2026-03-25 21:28:41,541 | INFO | 📋 声纹数据库包含 5 个说话人
2026-03-25 21:28:41,717 | INFO |       [性能] 未识别说话人，跳过后续处理
2026-03-25 21:28:41,717 | INFO |     [3.25] 处理分段 43580ms - 45285ms...
2026-03-25 21:28:42,123 | INFO |       [SenseVoice] 国有的相品产。 (情感: neutral)
2026-03-25 21:28:42,123 | INFO | 🎯 开始声纹识别: 音频段路径=temp/seg_43580_24_1774445321.wav
2026-03-25 21:28:42,123 | INFO | 📋 声纹数据库包含 5 个说话人
2026-03-25 21:28:42,277 | INFO |       [性能] 未识别说话人，跳过后续处理
2026-03-25 21:28:42,278 | INFO |     [3.26] 处理分段 49260ms - 50085ms...
2026-03-25 21:28:42,710 | INFO |       [SenseVoice] 最分合な。 (情感: neutral)
2026-03-25 21:28:42,710 | INFO | 🎯 开始声纹识别: 音频段路径=temp/seg_49260_25_1774445322.wav
2026-03-25 21:28:42,710 | INFO | 📋 声纹数据库包含 5 个说话人
2026-03-25 21:28:42,799 | INFO |       [性能] 未识别说话人，跳过后续处理
2026-03-25 21:28:42,799 | INFO |     [3.27] 处理分段 52620ms - 53540ms...
2026-03-25 21:28:43,223 | INFO |       [SenseVoice] 即とは。 (情感: neutral)
2026-03-25 21:28:43,223 | INFO | 🎯 开始声纹识别: 音频段路径=temp/seg_52620_26_1774445322.wav
2026-03-25 21:28:43,224 | INFO | 📋 声纹数据库包含 5 个说话人
2026-03-25 21:28:43,321 | INFO |       [性能] 未识别说话人，跳过后续处理
2026-03-25 21:28:43,321 | INFO |     [3.28] 处理分段 53540ms - 56950ms...
2026-03-25 21:28:43,808 | INFO |       [SenseVoice] 这几妹你要了啥时候心情发不出来。 (情感: neutral)
2026-03-25 21:28:43,809 | INFO | 🎯 开始声纹识别: 音频段路径=temp/seg_53540_27_1774445323.wav
2026-03-25 21:28:43,809 | INFO | 📋 声纹数据库包含 5 个说话人
2026-03-25 21:28:44,112 | INFO |       [性能] 未识别说话人，跳过后续处理
2026-03-25 21:28:44,112 | INFO |     [3.29] 处理分段 56950ms - 58610ms...
2026-03-25 21:28:44,518 | INFO |       [SenseVoice] あこだは。 (情感: neutral)
2026-03-25 21:28:44,519 | INFO | 🎯 开始声纹识别: 音频段路径=temp/seg_56950_28_1774445324.wav
2026-03-25 21:28:44,519 | INFO | 📋 声纹数据库包含 5 个说话人
2026-03-25 21:28:44,659 | INFO |       [性能] 未识别说话人，跳过后续处理
2026-03-25 21:28:44,659 | INFO |     [3.30] 处理分段 58610ms - 59880ms...
2026-03-25 21:28:45,101 | INFO |       [SenseVoice] これくるなかしないよ。 (情感: neutral)
2026-03-25 21:28:45,101 | INFO | 🎯 开始声纹识别: 音频段路径=temp/seg_58610_29_1774445324.wav
2026-03-25 21:28:45,101 | INFO | 📋 声纹数据库包含 5 个说话人
2026-03-25 21:28:45,219 | INFO |       [性能] 未识别说话人，跳过后续处理
2026-03-25 21:28:45,219 | INFO | ✅ 完成! 音频:59.9s | 耗时:23.30s | RTF:0.389 (RTF < 1表示可实时处理，值越低性能越好)
2026-03-25 21:28:45,219 | INFO |   [生命周期: 4. 组装响应] 开始...
2026-03-25 21:28:45,219 | INFO | 📤  [生命周期: 4. 组装响应] 完成, 返回 /transcribe 结果: {
  "full_text": "",
  "segments": [],
  "meta": {
    "process_time": 23.3024640083313,
    "audio_duration": 59.904,
    "rtf": 0.38899679501087236,
    "rtf_description": "Real-Time Factor(实时因子)，处理时间/音频时长，RTF < 1表示可实时处理，值越低性能越好"
  }
}
2026-03-25 21:28:45,222 | INFO | ✅ 转录完成: TermuxAudioRecording_2026-03-25_21-27-20.m4a
2026-03-25 21:28:45,222 | INFO |    文本长度: 0 字
2026-03-25 21:28:45,222 | INFO |    分段数: 0
2026-03-25 21:28:45,330 | INFO | 📦 已移动到: processed/2026-03-25/TermuxAudioRecording_2026-03-25_21-27-20.m4a
2026-03-25 21:28:48,340 | INFO | 🔍 正在扫描: /Volumes/download/records/Sony-2
2026-03-25 21:28:51,383 | INFO | 🔍 正在扫描: /Volumes/download/records/Sony-2
2026-03-25 21:28:54,426 | INFO | 🔍 正在扫描: /Volumes/download/records/Sony-2
2026-03-25 21:28:57,481 | INFO | 🔍 正在扫描: /Volumes/download/records/Sony-2
2026-03-25 21:29:00,531 | INFO | 🔍 正在扫描: /Volumes/download/records/Sony-2
2026-03-25 21:29:03,584 | INFO | 🔍 正在扫描: /Volumes/download/records/Sony-2
2026-03-25 21:29:06,635 | INFO | 🔍 正在扫描: /Volumes/download/records/Sony-2
2026-03-25 21:29:09,688 | INFO | 🔍 正在扫描: /Volumes/download/records/Sony-2
2026-03-25 21:29:12,745 | INFO | 🔍 正在扫描: /Volumes/download/records/Sony-2
2026-03-25 21:29:15,802 | INFO | 🔍 正在扫描: /Volumes/download/records/Sony-2
2026-03-25 21:29:18,858 | INFO | 🔍 正在扫描: /Volumes/download/records/Sony-2
2026-03-25 21:29:21,902 | INFO | 🔍 正在扫描: /Volumes/download/records/Sony-2
2026-03-25 21:29:21,959 | INFO | 🔍 发现 1 个待处理文件
2026-03-25 21:29:21,960 | INFO |    处理顺序: TermuxAudioRecording_2026-03-25_21-28-20.m4a → ... → TermuxAudioRecording_2026-03-25_21-28-20.m4a
2026-03-25 21:29:21,960 | INFO | 📤 开始处理: TermuxAudioRecording_2026-03-25_21-28-20.m4a
2026-03-25 21:29:22,001 | INFO | 📥 收到转录任务: TermuxAudioRecording_2026-03-25_21-28-20.m4a
2026-03-25 21:29:22,001 | INFO |   [生命周期: 1. 音频预处理] 开始 (FFmpeg降噪、重采样、归一化)...
2026-03-25 21:29:23,280 | INFO |   [生命周期: 1. 音频预处理] 完成。
2026-03-25 21:29:23,345 | INFO |   [生命周期: 2. VAD & ASR] 开始 (FunASR语音检测与文字转录)...
2026-03-25 21:29:29,524 | INFO |   [生命周期: 2. VAD & ASR] 完成, VAD检出 14 个分段。
2026-03-25 21:29:29,524 | INFO |   [生命周期: 3. 逐段声纹识别] 开始...
2026-03-25 21:29:29,524 | INFO |     [3.1] 处理分段 170ms - 385ms...
2026-03-25 21:29:29,524 | INFO |       [3.1] 分段时长过短(215ms)，跳过声纹识别。
2026-03-25 21:29:29,524 | INFO |     [3.2] 处理分段 790ms - 1630ms...
2026-03-25 21:29:30,042 | INFO |       [SenseVoice] 我不给他吃。 (情感: neutral)
2026-03-25 21:29:30,042 | INFO | 🎯 开始声纹识别: 音频段路径=temp/seg_790_1_1774445369.wav
2026-03-25 21:29:30,042 | INFO | 📋 声纹数据库包含 5 个说话人
2026-03-25 21:29:30,133 | INFO |       [性能] 未识别说话人，跳过后续处理
2026-03-25 21:29:30,133 | INFO |     [3.3] 处理分段 1970ms - 3115ms...
2026-03-25 21:29:30,552 | INFO |       [SenseVoice] 我就不给他说。 (情感: neutral)
2026-03-25 21:29:30,552 | INFO | 🎯 开始声纹识别: 音频段路径=temp/seg_1970_2_1774445370.wav
2026-03-25 21:29:30,552 | INFO | 📋 声纹数据库包含 5 个说话人
2026-03-25 21:29:30,661 | INFO |       [性能] 未识别说话人，跳过后续处理
2026-03-25 21:29:30,661 | INFO |     [3.4] 处理分段 3490ms - 4355ms...
2026-03-25 21:29:31,085 | INFO |       [SenseVoice] 我自己是。 (情感: neutral)
2026-03-25 21:29:31,085 | INFO | 🎯 开始声纹识别: 音频段路径=temp/seg_3490_3_1774445370.wav
2026-03-25 21:29:31,085 | INFO | 📋 声纹数据库包含 5 个说话人
2026-03-25 21:29:31,172 | INFO |       [性能] 未识别说话人，跳过后续处理
2026-03-25 21:29:31,172 | INFO |     [3.5] 处理分段 4840ms - 7565ms...
2026-03-25 21:29:31,612 | INFO |       [SenseVoice] 我他，我拿个那个裤子。 (情感: neutral)
2026-03-25 21:29:31,612 | INFO | 🎯 开始声纹识别: 音频段路径=temp/seg_4840_4_1774445371.wav
2026-03-25 21:29:31,612 | INFO | 📋 声纹数据库包含 5 个说话人
2026-03-25 21:29:31,835 | INFO |       [性能] 未识别说话人，跳过后续处理
2026-03-25 21:29:31,835 | INFO |     [3.6] 处理分段 9930ms - 12585ms...
2026-03-25 21:29:32,274 | INFO |       [SenseVoice] 看がこいがずとなてま。 (情感: neutral)
2026-03-25 21:29:32,274 | INFO | 🎯 开始声纹识别: 音频段路径=temp/seg_9930_5_1774445371.wav
2026-03-25 21:29:32,274 | INFO | 📋 声纹数据库包含 5 个说话人
2026-03-25 21:29:32,489 | INFO |       [性能] 未识别说话人，跳过后续处理
2026-03-25 21:29:32,489 | INFO |     [3.7] 处理分段 13240ms - 15660ms...
2026-03-25 21:29:32,935 | INFO |       [SenseVoice] 那，你生你块给了小妹妹了。 (情感: neutral)
2026-03-25 21:29:32,935 | INFO | 🎯 开始声纹识别: 音频段路径=temp/seg_13240_6_1774445372.wav
2026-03-25 21:29:32,935 | INFO | 📋 声纹数据库包含 5 个说话人
2026-03-25 21:29:33,127 | INFO |       [性能] 未识别说话人，跳过后续处理
2026-03-25 21:29:33,128 | INFO |     [3.8] 处理分段 15820ms - 16775ms...
2026-03-25 21:29:33,604 | INFO |       [SenseVoice] 欧什么呢？ (情感: neutral)
2026-03-25 21:29:33,605 | INFO | 🎯 开始声纹识别: 音频段路径=temp/seg_15820_7_1774445373.wav
2026-03-25 21:29:33,605 | INFO | 📋 声纹数据库包含 5 个说话人
2026-03-25 21:29:33,712 | INFO |       [性能] 未识别说话人，跳过后续处理
2026-03-25 21:29:33,712 | INFO |     [3.9] 处理分段 18120ms - 20460ms...
2026-03-25 21:29:34,149 | INFO |       [SenseVoice] 吃饭后3水。 (情感: neutral)
2026-03-25 21:29:34,149 | INFO | 🎯 开始声纹识别: 音频段路径=temp/seg_18120_8_1774445373.wav
2026-03-25 21:29:34,149 | INFO | 📋 声纹数据库包含 5 个说话人
2026-03-25 21:29:34,342 | INFO |       [性能] 未识别说话人，跳过后续处理
2026-03-25 21:29:34,342 | INFO |     [3.10] 处理分段 20460ms - 29580ms...
2026-03-25 21:29:35,107 | INFO |       [SenseVoice] . (情感: neutral)
2026-03-25 21:29:35,108 | INFO | 🎯 开始声纹识别: 音频段路径=temp/seg_20460_9_1774445374.wav
2026-03-25 21:29:35,108 | INFO | 📋 声纹数据库包含 5 个说话人
2026-03-25 21:29:36,095 | INFO |       [性能] 未识别说话人，跳过后续处理
2026-03-25 21:29:36,095 | INFO |     [3.11] 处理分段 44850ms - 45320ms...
2026-03-25 21:29:36,095 | INFO |       [3.11] 分段时长过短(470ms)，跳过声纹识别。
2026-03-25 21:29:36,095 | INFO |     [3.12] 处理分段 49560ms - 50945ms...
2026-03-25 21:29:36,550 | INFO |       [SenseVoice] 上面是好这得。 (情感: neutral)
2026-03-25 21:29:36,550 | INFO | 🎯 开始声纹识别: 音频段路径=temp/seg_49560_11_1774445376.wav
2026-03-25 21:29:36,550 | INFO | 📋 声纹数据库包含 5 个说话人
2026-03-25 21:29:36,687 | INFO |       [性能] 未识别说话人，跳过后续处理
2026-03-25 21:29:36,687 | INFO |     [3.13] 处理分段 51890ms - 52340ms...
2026-03-25 21:29:36,687 | INFO |       [3.13] 分段时长过短(450ms)，跳过声纹识别。
2026-03-25 21:29:36,687 | INFO |     [3.14] 处理分段 53890ms - 59170ms...
2026-03-25 21:29:37,220 | INFO |       [SenseVoice] そでもすぐこの頃に。 (情感: neutral)
2026-03-25 21:29:37,220 | INFO | 🎯 开始声纹识别: 音频段路径=temp/seg_53890_13_1774445376.wav
2026-03-25 21:29:37,220 | INFO | 📋 声纹数据库包含 5 个说话人
2026-03-25 21:29:37,644 | INFO |       [性能] 未识别说话人，跳过后续处理
2026-03-25 21:29:37,644 | INFO | ✅ 完成! 音频:59.8s | 耗时:15.65s | RTF:0.261 (RTF < 1表示可实时处理，值越低性能越好)
2026-03-25 21:29:37,644 | INFO |   [生命周期: 4. 组装响应] 开始...
2026-03-25 21:29:37,644 | INFO | 📤  [生命周期: 4. 组装响应] 完成, 返回 /transcribe 结果: {
  "full_text": "",
  "segments": [],
  "meta": {
    "process_time": 15.647800207138062,
    "audio_duration": 59.84,
    "rtf": 0.261493987418751,
    "rtf_description": "Real-Time Factor(实时因子)，处理时间/音频时长，RTF < 1表示可实时处理，值越低性能越好"
  }
}
2026-03-25 21:29:37,647 | INFO | ✅ 转录完成: TermuxAudioRecording_2026-03-25_21-28-20.m4a
2026-03-25 21:29:37,647 | INFO |    文本长度: 0 字
2026-03-25 21:29:37,647 | INFO |    分段数: 0
2026-03-25 21:29:37,724 | INFO | 📦 已移动到: processed/2026-03-25/TermuxAudioRecording_2026-03-25_21-28-20.m4a
2026-03-25 21:29:40,734 | INFO | 🔍 正在扫描: /Volumes/download/records/Sony-2
2026-03-25 21:29:43,765 | INFO | 🔍 正在扫描: /Volumes/download/records/Sony-2
2026-03-25 21:29:46,784 | INFO | 🔍 正在扫描: /Volumes/download/records/Sony-2
2026-03-25 21:29:49,808 | INFO | 🔍 正在扫描: /Volumes/download/records/Sony-2
2026-03-25 21:29:52,835 | INFO | 🔍 正在扫描: /Volumes/download/records/Sony-2
2026-03-25 21:29:55,935 | INFO | 🔍 正在扫描: /Volumes/download/records/Sony-2
2026-03-25 21:29:58,970 | INFO | 🔍 正在扫描: /Volumes/download/records/Sony-2
2026-03-25 21:30:02,015 | INFO | 🔍 正在扫描: /Volumes/download/records/Sony-2
2026-03-25 21:30:05,049 | INFO | 🔍 正在扫描: /Volumes/download/records/Sony-2
2026-03-25 21:30:08,082 | INFO | 🔍 正在扫描: /Volumes/download/records/Sony-2
2026-03-25 21:30:11,123 | INFO | 🔍 正在扫描: /Volumes/download/records/Sony-2
2026-03-25 21:30:14,165 | INFO | 🔍 正在扫描: /Volumes/download/records/Sony-2
2026-03-25 21:30:17,197 | INFO | 🔍 正在扫描: /Volumes/download/records/Sony-2
2026-03-25 21:30:20,229 | INFO | 🔍 正在扫描: /Volumes/download/records/Sony-2
2026-03-25 21:30:23,264 | INFO | 🔍 正在扫描: /Volumes/download/records/Sony-2
2026-03-25 21:30:23,285 | INFO | 🔍 发现 1 个待处理文件
2026-03-25 21:30:23,285 | INFO |    处理顺序: TermuxAudioRecording_2026-03-25_21-29-21.m4a → ... → TermuxAudioRecording_2026-03-25_21-29-21.m4a
2026-03-25 21:30:23,286 | INFO | 📤 开始处理: TermuxAudioRecording_2026-03-25_21-29-21.m4a
2026-03-25 21:30:23,326 | INFO | 📥 收到转录任务: TermuxAudioRecording_2026-03-25_21-29-21.m4a
2026-03-25 21:30:23,326 | INFO |   [生命周期: 1. 音频预处理] 开始 (FFmpeg降噪、重采样、归一化)...
2026-03-25 21:30:24,597 | INFO |   [生命周期: 1. 音频预处理] 完成。
2026-03-25 21:30:24,666 | INFO |   [生命周期: 2. VAD & ASR] 开始 (FunASR语音检测与文字转录)...
2026-03-25 21:30:32,708 | INFO |   [生命周期: 2. VAD & ASR] 完成, VAD检出 11 个分段。
2026-03-25 21:30:32,708 | INFO |   [生命周期: 3. 逐段声纹识别] 开始...
2026-03-25 21:30:32,708 | INFO |     [3.1] 处理分段 1860ms - 2060ms...
2026-03-25 21:30:32,708 | INFO |       [3.1] 分段时长过短(200ms)，跳过声纹识别。
2026-03-25 21:30:32,708 | INFO |     [3.2] 处理分段 2060ms - 3400ms...
2026-03-25 21:30:33,394 | INFO |       [SenseVoice] The. (情感: neutral)
2026-03-25 21:30:33,394 | INFO | 🎯 开始声纹识别: 音频段路径=temp/seg_2060_1_1774445432.wav
2026-03-25 21:30:33,394 | INFO | 📋 声纹数据库包含 5 个说话人
2026-03-25 21:30:33,540 | INFO |       [性能] 未识别说话人，跳过后续处理
2026-03-25 21:30:33,540 | INFO |     [3.3] 处理分段 14210ms - 18260ms...
2026-03-25 21:30:34,020 | INFO |       [SenseVoice] . (情感: neutral)
2026-03-25 21:30:34,020 | INFO | 🎯 开始声纹识别: 音频段路径=temp/seg_14210_2_1774445433.wav
2026-03-25 21:30:34,020 | INFO | 📋 声纹数据库包含 5 个说话人
2026-03-25 21:30:34,463 | INFO |       [性能] 未识别说话人，跳过后续处理
2026-03-25 21:30:34,463 | INFO |     [3.4] 处理分段 18280ms - 19100ms...
2026-03-25 21:30:34,887 | INFO |       [SenseVoice] 我都ご上。 (情感: neutral)
2026-03-25 21:30:34,887 | INFO | 🎯 开始声纹识别: 音频段路径=temp/seg_18280_3_1774445434.wav
2026-03-25 21:30:34,887 | INFO | 📋 声纹数据库包含 5 个说话人
2026-03-25 21:30:34,974 | INFO |       [性能] 未识别说话人，跳过后续处理
2026-03-25 21:30:34,974 | INFO |     [3.5] 处理分段 19100ms - 19775ms...
2026-03-25 21:30:34,974 | INFO |       [3.5] 分段时长过短(675ms)，跳过声纹识别。
2026-03-25 21:30:34,974 | INFO |     [3.6] 处理分段 20310ms - 21705ms...
2026-03-25 21:30:35,415 | INFO |       [SenseVoice] 还是打断你啊。 (情感: neutral)
2026-03-25 21:30:35,415 | INFO | 🎯 开始声纹识别: 音频段路径=temp/seg_20310_5_1774445434.wav
2026-03-25 21:30:35,415 | INFO | 📋 声纹数据库包含 5 个说话人
2026-03-25 21:30:35,537 | INFO |       [性能] 未识别说话人，跳过后续处理
2026-03-25 21:30:35,538 | INFO |     [3.7] 处理分段 22200ms - 23360ms...
2026-03-25 21:30:35,972 | INFO |       [SenseVoice] 造上一个。 (情感: neutral)
2026-03-25 21:30:35,972 | INFO | 🎯 开始声纹识别: 音频段路径=temp/seg_22200_6_1774445435.wav
2026-03-25 21:30:35,972 | INFO | 📋 声纹数据库包含 5 个说话人
2026-03-25 21:30:36,093 | INFO |       [性能] 未识别说话人，跳过后续处理
2026-03-25 21:30:36,094 | INFO |     [3.8] 处理分段 24670ms - 25145ms...
2026-03-25 21:30:36,094 | INFO |       [3.8] 分段时长过短(475ms)，跳过声纹识别。
2026-03-25 21:30:36,094 | INFO |     [3.9] 处理分段 26360ms - 27100ms...
2026-03-25 21:30:36,094 | INFO |       [3.9] 分段时长过短(740ms)，跳过声纹识别。
2026-03-25 21:30:36,094 | INFO |     [3.10] 处理分段 28150ms - 34440ms...
2026-03-25 21:30:36,651 | INFO |       [SenseVoice] . (情感: neutral)
2026-03-25 21:30:36,651 | INFO | 🎯 开始声纹识别: 音频段路径=temp/seg_28150_9_1774445436.wav
2026-03-25 21:30:36,651 | INFO | 📋 声纹数据库包含 5 个说话人
2026-03-25 21:30:37,214 | INFO |       [性能] 未识别说话人，跳过后续处理
2026-03-25 21:30:37,215 | INFO |     [3.11] 处理分段 34950ms - 57185ms...
2026-03-25 21:30:38,011 | INFO |       [SenseVoice] . (情感: neutral)
2026-03-25 21:30:38,011 | INFO | 🎯 开始声纹识别: 音频段路径=temp/seg_34950_10_1774445437.wav
2026-03-25 21:30:38,011 | INFO | 📋 声纹数据库包含 5 个说话人
2026-03-25 21:30:39,920 | INFO |       [性能] 未识别说话人，跳过后续处理
2026-03-25 21:30:39,920 | INFO | ✅ 完成! 音频:59.8s | 耗时:16.60s | RTF:0.277 (RTF < 1表示可实时处理，值越低性能越好)
2026-03-25 21:30:39,920 | INFO |   [生命周期: 4. 组装响应] 开始...
2026-03-25 21:30:39,920 | INFO | 📤  [生命周期: 4. 组装响应] 完成, 返回 /transcribe 结果: {
  "full_text": "",
  "segments": [],
  "meta": {
    "process_time": 16.598270893096924,
    "audio_duration": 59.84,
    "rtf": 0.27737752160924,
    "rtf_description": "Real-Time Factor(实时因子)，处理时间/音频时长，RTF < 1表示可实时处理，值越低性能越好"
  }
}
2026-03-25 21:30:39,923 | INFO | ✅ 转录完成: TermuxAudioRecording_2026-03-25_21-29-21.m4a
2026-03-25 21:30:39,923 | INFO |    文本长度: 0 字
2026-03-25 21:30:39,923 | INFO |    分段数: 0
2026-03-25 21:30:40,022 | INFO | 📦 已移动到: processed/2026-03-25/TermuxAudioRecording_2026-03-25_21-29-21.m4a
2026-03-25 21:30:43,027 | INFO | 🔍 正在扫描: /Volumes/download/records/Sony-2
2026-03-25 21:30:46,058 | INFO | 🔍 正在扫描: /Volumes/download/records/Sony-2
2026-03-25 21:30:49,097 | INFO | 🔍 正在扫描: /Volumes/download/records/Sony-2
2026-03-25 21:30:52,129 | INFO | 🔍 正在扫描: /Volumes/download/records/Sony-2
2026-03-25 21:30:55,156 | INFO | 🔍 正在扫描: /Volumes/download/records/Sony-2
2026-03-25 21:30:58,178 | INFO | 🔍 正在扫描: /Volumes/download/records/Sony-2
2026-03-25 21:31:01,216 | INFO | 🔍 正在扫描: /Volumes/download/records/Sony-2
2026-03-25 21:31:04,259 | INFO | 🔍 正在扫描: /Volumes/download/records/Sony-2
2026-03-25 21:31:07,296 | INFO | 🔍 正在扫描: /Volumes/download/records/Sony-2
2026-03-25 21:31:10,336 | INFO | 🔍 正在扫描: /Volumes/download/records/Sony-2
2026-03-25 21:31:13,371 | INFO | 🔍 正在扫描: /Volumes/download/records/Sony-2
2026-03-25 21:31:16,410 | INFO | 🔍 正在扫描: /Volumes/download/records/Sony-2
2026-03-25 21:31:19,483 | INFO | 🔍 正在扫描: /Volumes/download/records/Sony-2
2026-03-25 21:31:22,516 | INFO | 🔍 正在扫描: /Volumes/download/records/Sony-2
2026-03-25 21:31:22,558 | INFO | 🔍 发现 1 个待处理文件
2026-03-25 21:31:22,558 | INFO |    处理顺序: TermuxAudioRecording_2026-03-25_21-30-21.m4a → ... → TermuxAudioRecording_2026-03-25_21-30-21.m4a
2026-03-25 21:31:22,558 | INFO | 📤 开始处理: TermuxAudioRecording_2026-03-25_21-30-21.m4a
2026-03-25 21:31:22,601 | INFO | 📥 收到转录任务: TermuxAudioRecording_2026-03-25_21-30-21.m4a
2026-03-25 21:31:22,601 | INFO |   [生命周期: 1. 音频预处理] 开始 (FFmpeg降噪、重采样、归一化)...
2026-03-25 21:31:23,876 | INFO |   [生命周期: 1. 音频预处理] 完成。
2026-03-25 21:31:23,941 | INFO |   [生命周期: 2. VAD & ASR] 开始 (FunASR语音检测与文字转录)...
2026-03-25 21:31:29,239 | INFO |   [生命周期: 2. VAD & ASR] 完成, VAD检出 6 个分段。
2026-03-25 21:31:29,239 | INFO |   [生命周期: 3. 逐段声纹识别] 开始...
2026-03-25 21:31:29,239 | INFO |     [3.1] 处理分段 230ms - 1155ms...
2026-03-25 21:31:29,740 | INFO |       [SenseVoice] あ。 (情感: neutral)
2026-03-25 21:31:29,740 | INFO | 🎯 开始声纹识别: 音频段路径=temp/seg_230_0_1774445489.wav
2026-03-25 21:31:29,740 | INFO | 📋 声纹数据库包含 5 个说话人
2026-03-25 21:31:29,844 | INFO |       [性能] 未识别说话人，跳过后续处理
2026-03-25 21:31:29,844 | INFO |     [3.2] 处理分段 4030ms - 9810ms...
2026-03-25 21:31:30,391 | INFO |       [SenseVoice] . (情感: neutral)
2026-03-25 21:31:30,391 | INFO | 🎯 开始声纹识别: 音频段路径=temp/seg_4030_1_1774445489.wav
2026-03-25 21:31:30,391 | INFO | 📋 声纹数据库包含 5 个说话人
2026-03-25 21:31:30,828 | INFO |       [性能] 未识别说话人，跳过后续处理
2026-03-25 21:31:30,828 | INFO |     [3.3] 处理分段 11040ms - 24750ms...
2026-03-25 21:31:31,453 | INFO |       [SenseVoice] . (情感: neutral)
2026-03-25 21:31:31,453 | INFO | 🎯 开始声纹识别: 音频段路径=temp/seg_11040_2_1774445490.wav
2026-03-25 21:31:31,453 | INFO | 📋 声纹数据库包含 5 个说话人
2026-03-25 21:31:32,768 | INFO |       [性能] 未识别说话人，跳过后续处理
2026-03-25 21:31:32,769 | INFO |     [3.4] 处理分段 36750ms - 37320ms...
2026-03-25 21:31:32,769 | INFO |       [3.4] 分段时长过短(570ms)，跳过声纹识别。
2026-03-25 21:31:32,769 | INFO |     [3.5] 处理分段 38420ms - 38660ms...
2026-03-25 21:31:32,769 | INFO |       [3.5] 分段时长过短(240ms)，跳过声纹识别。
2026-03-25 21:31:32,769 | INFO |     [3.6] 处理分段 41480ms - 56465ms...
2026-03-25 21:31:33,489 | INFO |       [SenseVoice] . (情感: neutral)
2026-03-25 21:31:33,489 | INFO | 🎯 开始声纹识别: 音频段路径=temp/seg_41480_5_1774445492.wav
2026-03-25 21:31:33,489 | INFO | 📋 声纹数据库包含 5 个说话人
2026-03-25 21:31:34,850 | INFO |       [性能] 未识别说话人，跳过后续处理
2026-03-25 21:31:34,850 | INFO | ✅ 完成! 音频:59.8s | 耗时:12.25s | RTF:0.205 (RTF < 1表示可实时处理，值越低性能越好)
2026-03-25 21:31:34,850 | INFO |   [生命周期: 4. 组装响应] 开始...
2026-03-25 21:31:34,850 | INFO | 📤  [生命周期: 4. 组装响应] 完成, 返回 /transcribe 结果: {
  "full_text": "",
  "segments": [],
  "meta": {
    "process_time": 12.253826141357422,
    "audio_duration": 59.84,
    "rtf": 0.20477650637295156,
    "rtf_description": "Real-Time Factor(实时因子)，处理时间/音频时长，RTF < 1表示可实时处理，值越低性能越好"
  }
}
2026-03-25 21:31:34,853 | INFO | ✅ 转录完成: TermuxAudioRecording_2026-03-25_21-30-21.m4a
2026-03-25 21:31:34,853 | INFO |    文本长度: 0 字
2026-03-25 21:31:34,854 | INFO |    分段数: 0
2026-03-25 21:31:34,941 | INFO | 📦 已移动到: processed/2026-03-25/TermuxAudioRecording_2026-03-25_21-30-21.m4a
2026-03-25 21:31:37,946 | INFO | 🔍 正在扫描: /Volumes/download/records/Sony-2
2026-03-25 21:31:40,972 | INFO | 🔍 正在扫描: /Volumes/download/records/Sony-2
2026-03-25 21:31:43,998 | INFO | 🔍 正在扫描: /Volumes/download/records/Sony-2
2026-03-25 21:31:47,025 | INFO | 🔍 正在扫描: /Volumes/download/records/Sony-2
2026-03-25 21:31:50,057 | INFO | 🔍 正在扫描: /Volumes/download/records/Sony-2
2026-03-25 21:31:53,079 | INFO | 🔍 正在扫描: /Volumes/download/records/Sony-2
2026-03-25 21:31:56,133 | INFO | 🔍 正在扫描: /Volumes/download/records/Sony-2
2026-03-25 21:31:59,179 | INFO | 🔍 正在扫描: /Volumes/download/records/Sony-2
2026-03-25 21:32:02,223 | INFO | 🔍 正在扫描: /Volumes/download/records/Sony-2
2026-03-25 21:32:05,266 | INFO | 🔍 正在扫描: /Volumes/download/records/Sony-2
2026-03-25 21:32:08,308 | INFO | 🔍 正在扫描: /Volumes/download/records/Sony-2
2026-03-25 21:32:11,356 | INFO | 🔍 正在扫描: /Volumes/download/records/Sony-2
2026-03-25 21:32:14,400 | INFO | 🔍 正在扫描: /Volumes/download/records/Sony-2
2026-03-25 21:32:17,432 | INFO | 🔍 正在扫描: /Volumes/download/records/Sony-2
2026-03-25 21:32:20,508 | INFO | 🔍 正在扫描: /Volumes/download/records/Sony-2
2026-03-25 21:32:23,550 | INFO | 🔍 正在扫描: /Volumes/download/records/Sony-2
2026-03-25 21:32:23,606 | INFO | 🔍 发现 1 个待处理文件
2026-03-25 21:32:23,606 | INFO |    处理顺序: TermuxAudioRecording_2026-03-25_21-31-22.m4a → ... → TermuxAudioRecording_2026-03-25_21-31-22.m4a
2026-03-25 21:32:23,606 | INFO | 📤 开始处理: TermuxAudioRecording_2026-03-25_21-31-22.m4a
2026-03-25 21:32:23,644 | INFO | 📥 收到转录任务: TermuxAudioRecording_2026-03-25_21-31-22.m4a
2026-03-25 21:32:23,645 | INFO |   [生命周期: 1. 音频预处理] 开始 (FFmpeg降噪、重采样、归一化)...
2026-03-25 21:32:24,892 | INFO |   [生命周期: 1. 音频预处理] 完成。
2026-03-25 21:32:24,955 | INFO |   [生命周期: 2. VAD & ASR] 开始 (FunASR语音检测与文字转录)...
2026-03-25 21:32:28,628 | INFO |   [生命周期: 2. VAD & ASR] 完成, VAD检出 4 个分段。
2026-03-25 21:32:28,628 | INFO |   [生命周期: 3. 逐段声纹识别] 开始...
2026-03-25 21:32:28,628 | INFO |     [3.1] 处理分段 1940ms - 2580ms...
2026-03-25 21:32:28,628 | INFO |       [3.1] 分段时长过短(640ms)，跳过声纹识别。
2026-03-25 21:32:28,628 | INFO |     [3.2] 处理分段 7740ms - 9600ms...
2026-03-25 21:32:29,258 | INFO |       [SenseVoice] 。 (情感: neutral)
2026-03-25 21:32:29,258 | INFO | 🎯 开始声纹识别: 音频段路径=temp/seg_7740_1_1774445548.wav
2026-03-25 21:32:29,258 | INFO | 📋 声纹数据库包含 5 个说话人
2026-03-25 21:32:29,426 | INFO |       [性能] 未识别说话人，跳过后续处理
2026-03-25 21:32:29,426 | INFO |     [3.3] 处理分段 12370ms - 12570ms...
2026-03-25 21:32:29,426 | INFO |       [3.3] 分段时长过短(200ms)，跳过声纹识别。
2026-03-25 21:32:29,426 | INFO |     [3.4] 处理分段 12570ms - 41700ms...
2026-03-25 21:32:30,608 | INFO |       [SenseVoice] . (情感: neutral)
2026-03-25 21:32:30,608 | INFO | 🎯 开始声纹识别: 音频段路径=temp/seg_12570_3_1774445549.wav
2026-03-25 21:32:30,608 | INFO | 📋 声纹数据库包含 5 个说话人
2026-03-25 21:32:33,855 | INFO |       [性能] 未识别说话人，跳过后续处理
2026-03-25 21:32:33,855 | INFO | ✅ 完成! 音频:59.8s | 耗时:10.22s | RTF:0.171 (RTF < 1表示可实时处理，值越低性能越好)
2026-03-25 21:32:33,855 | INFO |   [生命周期: 4. 组装响应] 开始...
2026-03-25 21:32:33,855 | INFO | 📤  [生命周期: 4. 组装响应] 完成, 返回 /transcribe 结果: {
  "full_text": "",
  "segments": [],
  "meta": {
    "process_time": 10.215561866760254,
    "audio_duration": 59.84,
    "rtf": 0.17071460338837322,
    "rtf_description": "Real-Time Factor(实时因子)，处理时间/音频时长，RTF < 1表示可实时处理，值越低性能越好"
  }
}
2026-03-25 21:32:33,857 | INFO | ✅ 转录完成: TermuxAudioRecording_2026-03-25_21-31-22.m4a
2026-03-25 21:32:33,857 | INFO |    文本长度: 0 字
2026-03-25 21:32:33,857 | INFO |    分段数: 0
2026-03-25 21:32:33,916 | INFO | 📦 已移动到: processed/2026-03-25/TermuxAudioRecording_2026-03-25_21-31-22.m4a
2026-03-25 21:32:36,921 | INFO | 🔍 正在扫描: /Volumes/download/records/Sony-2
2026-03-25 21:32:39,940 | INFO | 🔍 正在扫描: /Volumes/download/records/Sony-2
2026-03-25 21:32:42,954 | INFO | 🔍 正在扫描: /Volumes/download/records/Sony-2
2026-03-25 21:32:45,975 | INFO | 🔍 正在扫描: /Volumes/download/records/Sony-2
2026-03-25 21:32:48,995 | INFO | 🔍 正在扫描: /Volumes/download/records/Sony-2
2026-03-25 21:32:52,017 | INFO | 🔍 正在扫描: /Volumes/download/records/Sony-2
2026-03-25 21:32:55,035 | INFO | 🔍 正在扫描: /Volumes/download/records/Sony-2
2026-03-25 21:32:58,063 | INFO | 🔍 正在扫描: /Volumes/download/records/Sony-2
2026-03-25 21:33:01,092 | INFO | 🔍 正在扫描: /Volumes/download/records/Sony-2
2026-03-25 21:33:04,123 | INFO | 🔍 正在扫描: /Volumes/download/records/Sony-2
2026-03-25 21:33:07,154 | INFO | 🔍 正在扫描: /Volumes/download/records/Sony-2
2026-03-25 21:33:10,192 | INFO | 🔍 正在扫描: /Volumes/download/records/Sony-2
2026-03-25 21:33:13,227 | INFO | 🔍 正在扫描: /Volumes/download/records/Sony-2
2026-03-25 21:33:16,259 | INFO | 🔍 正在扫描: /Volumes/download/records/Sony-2
2026-03-25 21:33:19,299 | INFO | 🔍 正在扫描: /Volumes/download/records/Sony-2
2026-03-25 21:33:22,338 | INFO | 🔍 正在扫描: /Volumes/download/records/Sony-2
2026-03-25 21:33:25,376 | INFO | 🔍 正在扫描: /Volumes/download/records/Sony-2
2026-03-25 21:33:25,392 | INFO | 🔍 发现 1 个待处理文件
2026-03-25 21:33:25,392 | INFO |    处理顺序: TermuxAudioRecording_2026-03-25_21-32-23.m4a → ... → TermuxAudioRecording_2026-03-25_21-32-23.m4a
2026-03-25 21:33:25,393 | INFO | 📤 开始处理: TermuxAudioRecording_2026-03-25_21-32-23.m4a
2026-03-25 21:33:25,434 | INFO | 📥 收到转录任务: TermuxAudioRecording_2026-03-25_21-32-23.m4a
2026-03-25 21:33:25,434 | INFO |   [生命周期: 1. 音频预处理] 开始 (FFmpeg降噪、重采样、归一化)...
2026-03-25 21:33:26,696 | INFO |   [生命周期: 1. 音频预处理] 完成。
2026-03-25 21:33:26,747 | INFO |   [生命周期: 2. VAD & ASR] 开始 (FunASR语音检测与文字转录)...
2026-03-25 21:33:32,009 | INFO |   [生命周期: 2. VAD & ASR] 完成, VAD检出 3 个分段。
2026-03-25 21:33:32,010 | INFO |   [生命周期: 3. 逐段声纹识别] 开始...
2026-03-25 21:33:32,010 | INFO |     [3.1] 处理分段 570ms - 810ms...
2026-03-25 21:33:32,010 | INFO |       [3.1] 分段时长过短(240ms)，跳过声纹识别。
2026-03-25 21:33:32,010 | INFO |     [3.2] 处理分段 6270ms - 10220ms...
2026-03-25 21:33:32,664 | INFO |       [SenseVoice] . (情感: neutral)
2026-03-25 21:33:32,665 | INFO | 🎯 开始声纹识别: 音频段路径=temp/seg_6270_1_1774445612.wav
2026-03-25 21:33:32,665 | INFO | 📋 声纹数据库包含 5 个说话人
2026-03-25 21:33:33,044 | INFO |       [性能] 未识别说话人，跳过后续处理
2026-03-25 21:33:33,045 | INFO |     [3.3] 处理分段 14840ms - 45570ms...
2026-03-25 21:33:34,872 | INFO |       [SenseVoice] . (情感: neutral)
2026-03-25 21:33:34,872 | INFO | 🎯 开始声纹识别: 音频段路径=temp/seg_14840_2_1774445613.wav
2026-03-25 21:33:34,872 | INFO | 📋 声纹数据库包含 5 个说话人
2026-03-25 21:33:39,096 | INFO |       [性能] 未识别说话人，跳过后续处理
2026-03-25 21:33:39,096 | INFO | ✅ 完成! 音频:59.8s | 耗时:13.67s | RTF:0.228 (RTF < 1表示可实时处理，值越低性能越好)
2026-03-25 21:33:39,096 | INFO |   [生命周期: 4. 组装响应] 开始...
2026-03-25 21:33:39,096 | INFO | 📤  [生命周期: 4. 组装响应] 完成, 返回 /transcribe 结果: {
  "full_text": "",
  "segments": [],
  "meta": {
    "process_time": 13.667977809906006,
    "audio_duration": 59.84,
    "rtf": 0.22840872008532762,
    "rtf_description": "Real-Time Factor(实时因子)，处理时间/音频时长，RTF < 1表示可实时处理，值越低性能越好"
  }
}
2026-03-25 21:33:39,099 | INFO | ✅ 转录完成: TermuxAudioRecording_2026-03-25_21-32-23.m4a
2026-03-25 21:33:39,099 | INFO |    文本长度: 0 字
2026-03-25 21:33:39,099 | INFO |    分段数: 0
2026-03-25 21:33:39,172 | INFO | 📦 已移动到: processed/2026-03-25/TermuxAudioRecording_2026-03-25_21-32-23.m4a
2026-03-25 21:33:42,177 | INFO | 🔍 正在扫描: /Volumes/download/records/Sony-2
2026-03-25 21:33:45,210 | INFO | 🔍 正在扫描: /Volumes/download/records/Sony-2
2026-03-25 21:33:48,237 | INFO | 🔍 正在扫描: /Volumes/download/records/Sony-2
2026-03-25 21:33:51,263 | INFO | 🔍 正在扫描: /Volumes/download/records/Sony-2
2026-03-25 21:33:54,308 | INFO | 🔍 正在扫描: /Volumes/download/records/Sony-2
2026-03-25 21:33:57,342 | INFO | 🔍 正在扫描: /Volumes/download/records/Sony-2
2026-03-25 21:34:00,389 | INFO | 🔍 正在扫描: /Volumes/download/records/Sony-2
2026-03-25 21:34:03,431 | INFO | 🔍 正在扫描: /Volumes/download/records/Sony-2
2026-03-25 21:34:06,479 | INFO | 🔍 正在扫描: /Volumes/download/records/Sony-2
2026-03-25 21:34:09,519 | INFO | 🔍 正在扫描: /Volumes/download/records/Sony-2
2026-03-25 21:34:12,558 | INFO | 🔍 正在扫描: /Volumes/download/records/Sony-2
2026-03-25 21:34:15,596 | INFO | 🔍 正在扫描: /Volumes/download/records/Sony-2
2026-03-25 21:34:18,642 | INFO | 🔍 正在扫描: /Volumes/download/records/Sony-2
2026-03-25 21:34:41,093 | INFO | 📚 声纹库已挂载: 5 人
2026-03-25 21:34:41,094 | INFO | download models from model hub: ms
2026-03-25 21:34:41,711 | WARNING | trust_remote_code: False
2026-03-25 21:34:42,853 | INFO | Loading pretrained params from /Users/mac/.cache/modelscope/hub/iic/speech_seaco_paraformer_large_asr_nat-zh-cn-16k-common-vocab8404-pytorch/model.pt
2026-03-25 21:34:42,855 | INFO | ckpt: /Users/mac/.cache/modelscope/hub/iic/speech_seaco_paraformer_large_asr_nat-zh-cn-16k-common-vocab8404-pytorch/model.pt
2026-03-25 21:34:43,353 | INFO | scope_map: ['module.', 'None']
2026-03-25 21:34:43,353 | INFO | excludes: None
2026-03-25 21:34:43,419 | INFO | Loading ckpt: /Users/mac/.cache/modelscope/hub/iic/speech_seaco_paraformer_large_asr_nat-zh-cn-16k-common-vocab8404-pytorch/model.pt, status: <All keys matched successfully>
2026-03-25 21:34:43,881 | INFO | Building VAD model.
2026-03-25 21:34:43,881 | INFO | download models from model hub: ms
2026-03-25 21:34:44,244 | WARNING | trust_remote_code: False
2026-03-25 21:34:44,250 | INFO | Loading pretrained params from /Users/mac/.cache/modelscope/hub/iic/speech_fsmn_vad_zh-cn-16k-common-pytorch/model.pt
2026-03-25 21:34:44,250 | INFO | ckpt: /Users/mac/.cache/modelscope/hub/iic/speech_fsmn_vad_zh-cn-16k-common-pytorch/model.pt
2026-03-25 21:34:44,256 | INFO | scope_map: ['module.', 'None']
2026-03-25 21:34:44,256 | INFO | excludes: None
2026-03-25 21:34:44,258 | INFO | Loading ckpt: /Users/mac/.cache/modelscope/hub/iic/speech_fsmn_vad_zh-cn-16k-common-pytorch/model.pt, status: <All keys matched successfully>
2026-03-25 21:34:44,266 | INFO | Building punc model.
2026-03-25 21:34:44,266 | INFO | download models from model hub: ms
2026-03-25 21:34:44,645 | WARNING | trust_remote_code: False
2026-03-25 21:34:56,751 | INFO | Loading pretrained params from /Users/mac/.cache/modelscope/hub/iic/punc_ct-transformer_cn-en-common-vocab471067-large/model.pt
2026-03-25 21:34:56,754 | INFO | ckpt: /Users/mac/.cache/modelscope/hub/iic/punc_ct-transformer_cn-en-common-vocab471067-large/model.pt
2026-03-25 21:34:57,198 | INFO | scope_map: ['module.', 'None']
2026-03-25 21:34:57,199 | INFO | excludes: None
2026-03-25 21:34:57,272 | INFO | Loading ckpt: /Users/mac/.cache/modelscope/hub/iic/punc_ct-transformer_cn-en-common-vocab471067-large/model.pt, status: <All keys matched successfully>
2026-03-25 21:34:57,486 | INFO | Building SPK model.
2026-03-25 21:34:57,486 | INFO | download models from model hub: ms
2026-03-25 21:34:58,427 | WARNING | trust_remote_code: False
2026-03-25 21:34:58,558 | INFO | Loading pretrained params from /Users/mac/.cache/modelscope/hub/iic/speech_campplus_sv_zh-cn_16k-common/campplus_cn_common.bin
2026-03-25 21:34:58,560 | INFO | ckpt: /Users/mac/.cache/modelscope/hub/iic/speech_campplus_sv_zh-cn_16k-common/campplus_cn_common.bin
2026-03-25 21:34:58,624 | INFO | scope_map: ['module.', 'None']
2026-03-25 21:34:58,625 | INFO | excludes: None
2026-03-25 21:34:58,635 | INFO | Loading ckpt: /Users/mac/.cache/modelscope/hub/iic/speech_campplus_sv_zh-cn_16k-common/campplus_cn_common.bin, status: <All keys matched successfully>
2026-03-25 21:35:12,277 | WARNING | ⚠️ Whisper模型加载失败: Could not run 'aten::_sparse_coo_tensor_with_dims_and_tensors' with arguments from the 'SparseMPS' backend. This could be because the operator doesn't exist for this backend, or was omitted during the selective/custom build process (if using custom build). If you are a Facebook employee using PyTorch on mobile, please visit https://fburl.com/ptmfixes for possible resolutions. 'aten::_sparse_coo_tensor_with_dims_and_tensors' is only available for these backends: [MPS, Meta, SparseCPU, SparseMeta, BackendSelect, Python, FuncTorchDynamicLayerBackMode, Functionalize, Named, Conjugate, Negative, ZeroTensor, ADInplaceOrView, AutogradOther, AutogradCPU, AutogradCUDA, AutogradHIP, AutogradXLA, AutogradMPS, AutogradIPU, AutogradXPU, AutogradHPU, AutogradVE, AutogradLazy, AutogradMTIA, AutogradPrivateUse1, AutogradPrivateUse2, AutogradPrivateUse3, AutogradMeta, AutogradNestedTensor, Tracer, AutocastCPU, AutocastXPU, AutocastMPS, AutocastCUDA, FuncTorchBatched, BatchedNestedTensor, FuncTorchVmapMode, Batched, VmapMode, FuncTorchGradWrapper, PythonTLSSnapshot, FuncTorchDynamicLayerFrontMode, PreDispatch, PythonDispatcher].

MPS: registered at /Users/runner/work/pytorch/pytorch/pytorch/aten/src/ATen/mps/MPSFallback.mm:75 [backend fallback]
Meta: registered at /Users/runner/work/pytorch/pytorch/pytorch/build/aten/src/ATen/RegisterMeta.cpp:26996 [kernel]
SparseCPU: registered at /Users/runner/work/pytorch/pytorch/pytorch/build/aten/src/ATen/RegisterSparseCPU.cpp:1406 [kernel]
SparseMeta: registered at /Users/runner/work/pytorch/pytorch/pytorch/build/aten/src/ATen/RegisterSparseMeta.cpp:290 [kernel]
BackendSelect: registered at /Users/runner/work/pytorch/pytorch/pytorch/build/aten/src/ATen/RegisterBackendSelect.cpp:792 [kernel]
Python: registered at /Users/runner/work/pytorch/pytorch/pytorch/aten/src/ATen/core/PythonFallbackKernel.cpp:153 [backend fallback]
FuncTorchDynamicLayerBackMode: registered at /Users/runner/work/pytorch/pytorch/pytorch/aten/src/ATen/functorch/DynamicLayer.cpp:497 [backend fallback]
Functionalize: registered at /Users/runner/work/pytorch/pytorch/pytorch/aten/src/ATen/FunctionalizeFallbackKernel.cpp:349 [backend fallback]
Named: registered at /Users/runner/work/pytorch/pytorch/pytorch/aten/src/ATen/core/NamedRegistrations.cpp:7 [backend fallback]
Conjugate: registered at /Users/runner/work/pytorch/pytorch/pytorch/aten/src/ATen/ConjugateFallback.cpp:17 [backend fallback]
Negative: registered at /Users/runner/work/pytorch/pytorch/pytorch/aten/src/ATen/native/NegateFallback.cpp:18 [backend fallback]
ZeroTensor: registered at /Users/runner/work/pytorch/pytorch/pytorch/aten/src/ATen/ZeroTensorFallback.cpp:86 [backend fallback]
ADInplaceOrView: fallthrough registered at /Users/runner/work/pytorch/pytorch/pytorch/aten/src/ATen/core/VariableFallbackKernel.cpp:96 [backend fallback]
AutogradOther: registered at /Users/runner/work/pytorch/pytorch/pytorch/torch/csrc/autograd/generated/VariableType_2.cpp:19981 [autograd kernel]
AutogradCPU: registered at /Users/runner/work/pytorch/pytorch/pytorch/torch/csrc/autograd/generated/VariableType_2.cpp:19981 [autograd kernel]
AutogradCUDA: registered at /Users/runner/work/pytorch/pytorch/pytorch/torch/csrc/autograd/generated/VariableType_2.cpp:19981 [autograd kernel]
AutogradHIP: registered at /Users/runner/work/pytorch/pytorch/pytorch/torch/csrc/autograd/generated/VariableType_2.cpp:19981 [autograd kernel]
AutogradXLA: registered at /Users/runner/work/pytorch/pytorch/pytorch/torch/csrc/autograd/generated/VariableType_2.cpp:19981 [autograd kernel]
AutogradMPS: registered at /Users/runner/work/pytorch/pytorch/pytorch/torch/csrc/autograd/generated/VariableType_2.cpp:19981 [autograd kernel]
AutogradIPU: registered at /Users/runner/work/pytorch/pytorch/pytorch/torch/csrc/autograd/generated/VariableType_2.cpp:19981 [autograd kernel]
AutogradXPU: registered at /Users/runner/work/pytorch/pytorch/pytorch/torch/csrc/autograd/generated/VariableType_2.cpp:19981 [autograd kernel]
AutogradHPU: registered at /Users/runner/work/pytorch/pytorch/pytorch/torch/csrc/autograd/generated/VariableType_2.cpp:19981 [autograd kernel]
AutogradVE: registered at /Users/runner/work/pytorch/pytorch/pytorch/torch/csrc/autograd/generated/VariableType_2.cpp:19981 [autograd kernel]
AutogradLazy: registered at /Users/runner/work/pytorch/pytorch/pytorch/torch/csrc/autograd/generated/VariableType_2.cpp:19981 [autograd kernel]
AutogradMTIA: registered at /Users/runner/work/pytorch/pytorch/pytorch/torch/csrc/autograd/generated/VariableType_2.cpp:19981 [autograd kernel]
AutogradPrivateUse1: registered at /Users/runner/work/pytorch/pytorch/pytorch/torch/csrc/autograd/generated/VariableType_2.cpp:19981 [autograd kernel]
AutogradPrivateUse2: registered at /Users/runner/work/pytorch/pytorch/pytorch/torch/csrc/autograd/generated/VariableType_2.cpp:19981 [autograd kernel]
AutogradPrivateUse3: registered at /Users/runner/work/pytorch/pytorch/pytorch/torch/csrc/autograd/generated/VariableType_2.cpp:19981 [autograd kernel]
AutogradMeta: registered at /Users/runner/work/pytorch/pytorch/pytorch/torch/csrc/autograd/generated/VariableType_2.cpp:19981 [autograd kernel]
AutogradNestedTensor: registered at /Users/runner/work/pytorch/pytorch/pytorch/torch/csrc/autograd/generated/VariableType_2.cpp:19981 [autograd kernel]
Tracer: registered at /Users/runner/work/pytorch/pytorch/pytorch/torch/csrc/autograd/generated/TraceType_2.cpp:17715 [kernel]
AutocastCPU: fallthrough registered at /Users/runner/work/pytorch/pytorch/pytorch/aten/src/ATen/autocast_mode.cpp:321 [backend fallback]
AutocastXPU: fallthrough registered at /Users/runner/work/pytorch/pytorch/pytorch/aten/src/ATen/autocast_mode.cpp:463 [backend fallback]
AutocastMPS: fallthrough registered at /Users/runner/work/pytorch/pytorch/pytorch/aten/src/ATen/autocast_mode.cpp:209 [backend fallback]
AutocastCUDA: fallthrough registered at /Users/runner/work/pytorch/pytorch/pytorch/aten/src/ATen/autocast_mode.cpp:165 [backend fallback]
FuncTorchBatched: registered at /Users/runner/work/pytorch/pytorch/pytorch/aten/src/ATen/functorch/LegacyBatchingRegistrations.cpp:731 [backend fallback]
BatchedNestedTensor: registered at /Users/runner/work/pytorch/pytorch/pytorch/aten/src/ATen/functorch/LegacyBatchingRegistrations.cpp:758 [backend fallback]
FuncTorchVmapMode: fallthrough registered at /Users/runner/work/pytorch/pytorch/pytorch/aten/src/ATen/functorch/VmapModeRegistrations.cpp:27 [backend fallback]
Batched: registered at /Users/runner/work/pytorch/pytorch/pytorch/aten/src/ATen/LegacyBatchingRegistrations.cpp:1075 [backend fallback]
VmapMode: fallthrough registered at /Users/runner/work/pytorch/pytorch/pytorch/aten/src/ATen/VmapModeRegistrations.cpp:33 [backend fallback]
FuncTorchGradWrapper: registered at /Users/runner/work/pytorch/pytorch/pytorch/aten/src/ATen/functorch/TensorWrapper.cpp:207 [backend fallback]
PythonTLSSnapshot: registered at /Users/runner/work/pytorch/pytorch/pytorch/aten/src/ATen/core/PythonFallbackKernel.cpp:161 [backend fallback]
FuncTorchDynamicLayerFrontMode: registered at /Users/runner/work/pytorch/pytorch/pytorch/aten/src/ATen/functorch/DynamicLayer.cpp:493 [backend fallback]
PreDispatch: registered at /Users/runner/work/pytorch/pytorch/pytorch/aten/src/ATen/core/PythonFallbackKernel.cpp:165 [backend fallback]
PythonDispatcher: registered at /Users/runner/work/pytorch/pytorch/pytorch/aten/src/ATen/core/PythonFallbackKernel.cpp:157 [backend fallback]
，将禁用Whisper对比功能
2026-03-25 21:35:12,703 | INFO | download models from model hub: ms
2026-03-25 21:35:13,125 | WARNING | trust_remote_code: False
2026-03-25 21:35:13,842 | INFO | Loading pretrained params from /Users/mac/.cache/modelscope/hub/iic/SenseVoiceSmall/model.pt
2026-03-25 21:35:13,845 | INFO | ckpt: /Users/mac/.cache/modelscope/hub/iic/SenseVoiceSmall/model.pt
2026-03-25 21:35:15,609 | INFO | scope_map: ['module.', 'None']
2026-03-25 21:35:15,609 | INFO | excludes: None
2026-03-25 21:35:15,821 | INFO | Loading ckpt: /Users/mac/.cache/modelscope/hub/iic/SenseVoiceSmall/model.pt, status: <All keys matched successfully>
2026-03-25 21:35:17,191 | INFO | 临时文件清理定时任务已启动
2026-03-25 21:35:17,191 | INFO | 📂 文件监控线程已启动
2026-03-25 21:35:17,192 | INFO |    监控目录: /Volumes/download/records/Sony-2
2026-03-25 21:35:17,192 | INFO |    扫描间隔: 3秒
2026-03-25 21:35:17,192 | INFO |    支持格式: .m4a, .mp3, .wav, .aac, .flac, .ogg, .acc
2026-03-25 21:35:17,192 | INFO | 文件监控线程已启动
2026-03-25 21:35:17,193 | INFO | 🔍 正在扫描: /Volumes/download/records/Sony-2
2026-03-25 21:35:17,213 | INFO | 🔍 发现 1 个待处理文件
2026-03-25 21:35:17,213 | INFO |    处理顺序: TermuxAudioRecording_2026-03-25_21-33-23.m4a → ... → TermuxAudioRecording_2026-03-25_21-33-23.m4a
2026-03-25 21:35:17,213 | INFO | 📤 开始处理: TermuxAudioRecording_2026-03-25_21-33-23.m4a
2026-03-25 21:35:17,244 | INFO | 📥 收到转录任务: TermuxAudioRecording_2026-03-25_21-33-23.m4a
2026-03-25 21:35:17,244 | INFO |   [生命周期: 1. 音频预处理] 开始 (FFmpeg降噪、重采样、归一化)...
2026-03-25 21:35:18,516 | INFO |   [生命周期: 1. 音频预处理] 完成。
2026-03-25 21:35:18,571 | INFO |   [生命周期: 2. VAD & ASR] 开始 (FunASR语音检测与文字转录)...
2026-03-25 21:35:24,229 | INFO |   [生命周期: 2. VAD & ASR] 完成, VAD检出 6 个分段。
2026-03-25 21:35:24,230 | INFO |   [生命周期: 3. 逐段声纹识别] 开始...
2026-03-25 21:35:24,230 | INFO |     [3.1] 处理分段 230ms - 470ms...
2026-03-25 21:35:24,230 | INFO |       [3.1] 分段时长过短(240ms)，跳过声纹识别。
2026-03-25 21:35:24,230 | INFO |     [3.2] 处理分段 3530ms - 3890ms...
2026-03-25 21:35:24,230 | INFO |       [3.2] 分段时长过短(360ms)，跳过声纹识别。
2026-03-25 21:35:24,230 | INFO |     [3.3] 处理分段 3890ms - 8720ms...
2026-03-25 21:35:24,862 | INFO |       [SenseVoice] . (情感: neutral)
2026-03-25 21:35:24,862 | INFO | 🎯 开始声纹识别: 音频段路径=temp/seg_3890_2_1774445724.wav
2026-03-25 21:35:24,862 | INFO | 📋 声纹数据库包含 5 个说话人
2026-03-25 21:35:25,343 | INFO |       [性能] 未识别说话人，跳过后续处理
2026-03-25 21:35:25,343 | INFO |     [3.4] 处理分段 8720ms - 37460ms...
2026-03-25 21:35:26,168 | INFO |       [SenseVoice] . (情感: neutral)
2026-03-25 21:35:26,168 | INFO | 🎯 开始声纹识别: 音频段路径=temp/seg_8720_3_1774445725.wav
2026-03-25 21:35:26,168 | INFO | 📋 声纹数据库包含 5 个说话人
2026-03-25 21:35:28,427 | INFO |       [性能] 未识别说话人，跳过后续处理
2026-03-25 21:35:28,427 | INFO |     [3.5] 处理分段 39710ms - 39950ms...
2026-03-25 21:35:28,427 | INFO |       [3.5] 分段时长过短(240ms)，跳过声纹识别。
2026-03-25 21:35:28,427 | INFO |     [3.6] 处理分段 42290ms - 45760ms...
2026-03-25 21:35:28,984 | INFO |       [SenseVoice] . (情感: neutral)
2026-03-25 21:35:28,985 | INFO | 🎯 开始声纹识别: 音频段路径=temp/seg_42290_5_1774445728.wav
2026-03-25 21:35:28,985 | INFO | 📋 声纹数据库包含 5 个说话人
2026-03-25 21:35:29,355 | INFO |       [性能] 未识别说话人，跳过后续处理
2026-03-25 21:35:29,355 | INFO | ✅ 完成! 音频:59.8s | 耗时:12.11s | RTF:0.202 (RTF < 1表示可实时处理，值越低性能越好)
2026-03-25 21:35:29,355 | INFO |   [生命周期: 4. 组装响应] 开始...
2026-03-25 21:35:29,355 | INFO | 📤  [生命周期: 4. 组装响应] 完成, 返回 /transcribe 结果: {
  "full_text": "",
  "segments": [],
  "meta": {
    "process_time": 12.11226487159729,
    "audio_duration": 59.84,
    "rtf": 0.20241084344246807,
    "rtf_description": "Real-Time Factor(实时因子)，处理时间/音频时长，RTF < 1表示可实时处理，值越低性能越好"
  }
}
2026-03-25 21:35:29,356 | INFO | ✅ 转录完成: TermuxAudioRecording_2026-03-25_21-33-23.m4a
2026-03-25 21:35:29,357 | INFO |    文本长度: 0 字
2026-03-25 21:35:29,357 | INFO |    分段数: 0
2026-03-25 21:35:29,434 | INFO | 📦 已移动到: processed/2026-03-25/TermuxAudioRecording_2026-03-25_21-33-23.m4a
2026-03-25 21:35:32,439 | INFO | 🔍 正在扫描: /Volumes/download/records/Sony-2
2026-03-25 21:35:32,455 | INFO | 🔍 发现 1 个待处理文件
2026-03-25 21:35:32,456 | INFO |    处理顺序: TermuxAudioRecording_2026-03-25_21-34-24.m4a → ... → TermuxAudioRecording_2026-03-25_21-34-24.m4a
2026-03-25 21:35:32,457 | INFO | 📤 开始处理: TermuxAudioRecording_2026-03-25_21-34-24.m4a
2026-03-25 21:35:32,491 | INFO | 📥 收到转录任务: TermuxAudioRecording_2026-03-25_21-34-24.m4a
2026-03-25 21:35:32,491 | INFO |   [生命周期: 1. 音频预处理] 开始 (FFmpeg降噪、重采样、归一化)...
2026-03-25 21:35:33,735 | INFO |   [生命周期: 1. 音频预处理] 完成。
2026-03-25 21:35:33,799 | INFO |   [生命周期: 2. VAD & ASR] 开始 (FunASR语音检测与文字转录)...
2026-03-25 21:35:39,644 | INFO |   [生命周期: 2. VAD & ASR] 完成, VAD检出 16 个分段。
2026-03-25 21:35:39,644 | INFO |   [生命周期: 3. 逐段声纹识别] 开始...
2026-03-25 21:35:39,644 | INFO |     [3.1] 处理分段 3990ms - 4640ms...
2026-03-25 21:35:39,644 | INFO |       [3.1] 分段时长过短(650ms)，跳过声纹识别。
2026-03-25 21:35:39,644 | INFO |     [3.2] 处理分段 9800ms - 10040ms...
2026-03-25 21:35:39,644 | INFO |       [3.2] 分段时长过短(240ms)，跳过声纹识别。
2026-03-25 21:35:39,644 | INFO |     [3.3] 处理分段 11740ms - 17230ms...
2026-03-25 21:35:40,206 | INFO |       [SenseVoice] . (情感: neutral)
2026-03-25 21:35:40,207 | INFO | 🎯 开始声纹识别: 音频段路径=temp/seg_11740_2_1774445739.wav
2026-03-25 21:35:40,207 | INFO | 📋 声纹数据库包含 5 个说话人
2026-03-25 21:35:40,669 | INFO |       [性能] 未识别说话人，跳过后续处理
2026-03-25 21:35:40,669 | INFO |     [3.4] 处理分段 17230ms - 17600ms...
2026-03-25 21:35:40,669 | INFO |       [3.4] 分段时长过短(370ms)，跳过声纹识别。
2026-03-25 21:35:40,669 | INFO |     [3.5] 处理分段 21480ms - 21720ms...
2026-03-25 21:35:40,669 | INFO |       [3.5] 分段时长过短(240ms)，跳过声纹识别。
2026-03-25 21:35:40,669 | INFO |     [3.6] 处理分段 24820ms - 30520ms...
2026-03-25 21:35:41,195 | INFO |       [SenseVoice] . (情感: neutral)
2026-03-25 21:35:41,195 | INFO | 🎯 开始声纹识别: 音频段路径=temp/seg_24820_5_1774445740.wav
2026-03-25 21:35:41,195 | INFO | 📋 声纹数据库包含 5 个说话人
2026-03-25 21:35:41,644 | INFO |       [性能] 未识别说话人，跳过后续处理
2026-03-25 21:35:41,644 | INFO |     [3.7] 处理分段 31300ms - 32390ms...
2026-03-25 21:35:42,203 | INFO |       [SenseVoice] 。 (情感: neutral)
2026-03-25 21:35:42,203 | INFO | 🎯 开始声纹识别: 音频段路径=temp/seg_31300_6_1774445741.wav
2026-03-25 21:35:42,203 | INFO | 📋 声纹数据库包含 5 个说话人
2026-03-25 21:35:42,315 | INFO |       [性能] 未识别说话人，跳过后续处理
2026-03-25 21:35:42,316 | INFO |     [3.8] 处理分段 33710ms - 34730ms...
2026-03-25 21:35:42,824 | INFO |       [SenseVoice] あらあ。 (情感: neutral)
2026-03-25 21:35:42,824 | INFO | 🎯 开始声纹识别: 音频段路径=temp/seg_33710_7_1774445742.wav
2026-03-25 21:35:42,824 | INFO | 📋 声纹数据库包含 5 个说话人
2026-03-25 21:35:42,928 | INFO |       [性能] 未识别说话人，跳过后续处理
2026-03-25 21:35:42,928 | INFO |     [3.9] 处理分段 36100ms - 38290ms...
2026-03-25 21:35:43,433 | INFO |       [SenseVoice] 。 (情感: neutral)
2026-03-25 21:35:43,433 | INFO | 🎯 开始声纹识别: 音频段路径=temp/seg_36100_8_1774445742.wav
2026-03-25 21:35:43,433 | INFO | 📋 声纹数据库包含 5 个说话人
2026-03-25 21:35:43,629 | INFO |       [性能] 未识别说话人，跳过后续处理
2026-03-25 21:35:43,629 | INFO |     [3.10] 处理分段 38350ms - 38795ms...
2026-03-25 21:35:43,629 | INFO |       [3.10] 分段时长过短(445ms)，跳过声纹识别。
2026-03-25 21:35:43,629 | INFO |     [3.11] 处理分段 40590ms - 44510ms...
2026-03-25 21:35:44,179 | INFO |       [SenseVoice] . (情感: neutral)
2026-03-25 21:35:44,179 | INFO | 🎯 开始声纹识别: 音频段路径=temp/seg_40590_10_1774445743.wav
2026-03-25 21:35:44,179 | INFO | 📋 声纹数据库包含 5 个说话人
2026-03-25 21:35:44,506 | INFO |       [性能] 未识别说话人，跳过后续处理
2026-03-25 21:35:44,506 | INFO |     [3.12] 处理分段 46160ms - 46400ms...
2026-03-25 21:35:44,506 | INFO |       [3.12] 分段时长过短(240ms)，跳过声纹识别。
2026-03-25 21:35:44,506 | INFO |     [3.13] 处理分段 46680ms - 47140ms...
2026-03-25 21:35:44,506 | INFO |       [3.13] 分段时长过短(460ms)，跳过声纹识别。
2026-03-25 21:35:44,506 | INFO |     [3.14] 处理分段 48920ms - 56700ms...
2026-03-25 21:35:45,040 | INFO |       [SenseVoice] . (情感: neutral)
2026-03-25 21:35:45,040 | INFO | 🎯 开始声纹识别: 音频段路径=temp/seg_48920_13_1774445744.wav
2026-03-25 21:35:45,040 | INFO | 📋 声纹数据库包含 5 个说话人
2026-03-25 21:35:45,651 | INFO |       [性能] 未识别说话人，跳过后续处理
2026-03-25 21:35:45,651 | INFO |     [3.15] 处理分段 57150ms - 57390ms...
2026-03-25 21:35:45,651 | INFO |       [3.15] 分段时长过短(240ms)，跳过声纹识别。
2026-03-25 21:35:45,651 | INFO |     [3.16] 处理分段 57390ms - 57820ms...
2026-03-25 21:35:45,651 | INFO |       [3.16] 分段时长过短(430ms)，跳过声纹识别。
2026-03-25 21:35:45,651 | INFO | ✅ 完成! 音频:59.8s | 耗时:13.16s | RTF:0.220 (RTF < 1表示可实时处理，值越低性能越好)
2026-03-25 21:35:45,651 | INFO |   [生命周期: 4. 组装响应] 开始...
2026-03-25 21:35:45,651 | INFO | 📤  [生命周期: 4. 组装响应] 完成, 返回 /transcribe 结果: {
  "full_text": "",
  "segments": [],
  "meta": {
    "process_time": 13.16231393814087,
    "audio_duration": 59.776,
    "rtf": 0.22019395640626452,
    "rtf_description": "Real-Time Factor(实时因子)，处理时间/音频时长，RTF < 1表示可实时处理，值越低性能越好"
  }
}
2026-03-25 21:35:45,653 | INFO | ✅ 转录完成: TermuxAudioRecording_2026-03-25_21-34-24.m4a
2026-03-25 21:35:45,653 | INFO |    文本长度: 0 字
2026-03-25 21:35:45,653 | INFO |    分段数: 0
2026-03-25 21:35:45,708 | INFO | 📦 已移动到: processed/2026-03-25/TermuxAudioRecording_2026-03-25_21-34-24.m4a
2026-03-25 21:35:48,714 | INFO | 🔍 正在扫描: /Volumes/download/records/Sony-2
2026-03-25 21:35:51,764 | INFO | 🔍 正在扫描: /Volumes/download/records/Sony-2
2026-03-25 21:35:54,790 | INFO | 🔍 正在扫描: /Volumes/download/records/Sony-2
2026-03-25 21:35:57,815 | INFO | 🔍 正在扫描: /Volumes/download/records/Sony-2
2026-03-25 21:36:00,840 | INFO | 🔍 正在扫描: /Volumes/download/records/Sony-2
2026-03-25 21:36:03,864 | INFO | 🔍 正在扫描: /Volumes/download/records/Sony-2
2026-03-25 21:36:06,909 | INFO | 🔍 正在扫描: /Volumes/download/records/Sony-2
2026-03-25 21:36:09,952 | INFO | 🔍 正在扫描: /Volumes/download/records/Sony-2
2026-03-25 21:36:12,999 | INFO | 🔍 正在扫描: /Volumes/download/records/Sony-2
2026-03-25 21:36:16,034 | INFO | 🔍 正在扫描: /Volumes/download/records/Sony-2
2026-03-25 21:36:19,066 | INFO | 🔍 正在扫描: /Volumes/download/records/Sony-2
2026-03-25 21:36:22,097 | INFO | 🔍 正在扫描: /Volumes/download/records/Sony-2
2026-03-25 21:36:25,142 | INFO | 🔍 正在扫描: /Volumes/download/records/Sony-2
2026-03-25 21:36:25,178 | INFO | 🔍 发现 1 个待处理文件
2026-03-25 21:36:25,178 | INFO |    处理顺序: TermuxAudioRecording_2026-03-25_21-35-24.m4a → ... → TermuxAudioRecording_2026-03-25_21-35-24.m4a
2026-03-25 21:36:25,178 | INFO | 📤 开始处理: TermuxAudioRecording_2026-03-25_21-35-24.m4a
2026-03-25 21:36:25,211 | INFO | 📥 收到转录任务: TermuxAudioRecording_2026-03-25_21-35-24.m4a
2026-03-25 21:36:25,211 | INFO |   [生命周期: 1. 音频预处理] 开始 (FFmpeg降噪、重采样、归一化)...
2026-03-25 21:36:26,488 | INFO |   [生命周期: 1. 音频预处理] 完成。
2026-03-25 21:36:26,557 | INFO |   [生命周期: 2. VAD & ASR] 开始 (FunASR语音检测与文字转录)...
2026-03-25 21:36:30,223 | INFO |   [生命周期: 2. VAD & ASR] 完成, VAD检出 3 个分段。
2026-03-25 21:36:30,223 | INFO |   [生命周期: 3. 逐段声纹识别] 开始...
2026-03-25 21:36:30,223 | INFO |     [3.1] 处理分段 1510ms - 2600ms...
2026-03-25 21:36:30,751 | INFO |       [SenseVoice] Yeah. (情感: neutral)
2026-03-25 21:36:30,752 | INFO | 🎯 开始声纹识别: 音频段路径=temp/seg_1510_0_1774445790.wav
2026-03-25 21:36:30,752 | INFO | 📋 声纹数据库包含 5 个说话人
2026-03-25 21:36:30,869 | INFO |       [性能] 未识别说话人，跳过后续处理
2026-03-25 21:36:30,869 | INFO |     [3.2] 处理分段 4830ms - 21100ms...
2026-03-25 21:36:31,532 | INFO |       [SenseVoice] . (情感: neutral)
2026-03-25 21:36:31,532 | INFO | 🎯 开始声纹识别: 音频段路径=temp/seg_4830_1_1774445790.wav
2026-03-25 21:36:31,532 | INFO | 📋 声纹数据库包含 5 个说话人
2026-03-25 21:36:32,981 | INFO |       [性能] 未识别说话人，跳过后续处理
2026-03-25 21:36:32,981 | INFO |     [3.3] 处理分段 57870ms - 59460ms...
2026-03-25 21:36:33,487 | INFO |       [SenseVoice] The. (情感: neutral)
2026-03-25 21:36:33,487 | INFO | 🎯 开始声纹识别: 音频段路径=temp/seg_57870_2_1774445792.wav
2026-03-25 21:36:33,487 | INFO | 📋 声纹数据库包含 5 个说话人
2026-03-25 21:36:33,642 | INFO |       [性能] 未识别说话人，跳过后续处理
2026-03-25 21:36:33,642 | INFO | ✅ 完成! 音频:59.8s | 耗时:8.43s | RTF:0.141 (RTF < 1表示可实时处理，值越低性能越好)
2026-03-25 21:36:33,642 | INFO |   [生命周期: 4. 组装响应] 开始...
2026-03-25 21:36:33,642 | INFO | 📤  [生命周期: 4. 组装响应] 完成, 返回 /transcribe 结果: {
  "full_text": "",
  "segments": [],
  "meta": {
    "process_time": 8.4334876537323,
    "audio_duration": 59.84,
    "rtf": 0.14093395143269216,
    "rtf_description": "Real-Time Factor(实时因子)，处理时间/音频时长，RTF < 1表示可实时处理，值越低性能越好"
  }
}
2026-03-25 21:36:33,643 | INFO | ✅ 转录完成: TermuxAudioRecording_2026-03-25_21-35-24.m4a
2026-03-25 21:36:33,644 | INFO |    文本长度: 0 字
2026-03-25 21:36:33,644 | INFO |    分段数: 0
2026-03-25 21:36:33,722 | INFO | 📦 已移动到: processed/2026-03-25/TermuxAudioRecording_2026-03-25_21-35-24.m4a
2026-03-25 21:36:36,727 | INFO | 🔍 正在扫描: /Volumes/download/records/Sony-2
2026-03-25 21:36:39,760 | INFO | 🔍 正在扫描: /Volumes/download/records/Sony-2
2026-03-25 21:36:42,792 | INFO | 🔍 正在扫描: /Volumes/download/records/Sony-2
2026-03-25 21:36:45,823 | INFO | 🔍 正在扫描: /Volumes/download/records/Sony-2
2026-03-25 21:36:48,854 | INFO | 🔍 正在扫描: /Volumes/download/records/Sony-2
2026-03-25 21:36:51,886 | INFO | 🔍 正在扫描: /Volumes/download/records/Sony-2
2026-03-25 21:36:54,928 | INFO | 🔍 正在扫描: /Volumes/download/records/Sony-2
2026-03-25 21:36:57,967 | INFO | 🔍 正在扫描: /Volumes/download/records/Sony-2
2026-03-25 21:37:00,996 | INFO | 🔍 正在扫描: /Volumes/download/records/Sony-2
2026-03-25 21:37:04,036 | INFO | 🔍 正在扫描: /Volumes/download/records/Sony-2
2026-03-25 21:37:07,074 | INFO | 🔍 正在扫描: /Volumes/download/records/Sony-2
2026-03-25 21:37:10,109 | INFO | 🔍 正在扫描: /Volumes/download/records/Sony-2
2026-03-25 21:37:13,156 | INFO | 🔍 正在扫描: /Volumes/download/records/Sony-2
2026-03-25 21:37:16,208 | INFO | 🔍 正在扫描: /Volumes/download/records/Sony-2
2026-03-25 21:37:19,251 | INFO | 🔍 正在扫描: /Volumes/download/records/Sony-2
2026-03-25 21:37:22,288 | INFO | 🔍 正在扫描: /Volumes/download/records/Sony-2
2026-03-25 21:37:25,332 | INFO | 🔍 正在扫描: /Volumes/download/records/Sony-2
2026-03-25 21:37:25,377 | INFO | 🔍 发现 1 个待处理文件
2026-03-25 21:37:25,378 | INFO |    处理顺序: TermuxAudioRecording_2026-03-25_21-36-25.m4a → ... → TermuxAudioRecording_2026-03-25_21-36-25.m4a
2026-03-25 21:37:25,378 | INFO | 📤 开始处理: TermuxAudioRecording_2026-03-25_21-36-25.m4a
2026-03-25 21:37:25,412 | INFO | 📥 收到转录任务: TermuxAudioRecording_2026-03-25_21-36-25.m4a
2026-03-25 21:37:25,412 | INFO |   [生命周期: 1. 音频预处理] 开始 (FFmpeg降噪、重采样、归一化)...
2026-03-25 21:37:26,647 | INFO |   [生命周期: 1. 音频预处理] 完成。
2026-03-25 21:37:26,705 | INFO |   [生命周期: 2. VAD & ASR] 开始 (FunASR语音检测与文字转录)...
2026-03-25 21:37:29,117 | INFO |   [生命周期: 2. VAD & ASR] 完成, VAD检出 2 个分段。
2026-03-25 21:37:29,117 | INFO |   [生命周期: 3. 逐段声纹识别] 开始...
2026-03-25 21:37:29,117 | INFO |     [3.1] 处理分段 12270ms - 55780ms...
2026-03-25 21:37:30,293 | INFO |       [SenseVoice] . (情感: neutral)
2026-03-25 21:37:30,293 | INFO | 🎯 开始声纹识别: 音频段路径=temp/seg_12270_0_1774445849.wav
2026-03-25 21:37:30,293 | INFO | 📋 声纹数据库包含 5 个说话人
2026-03-25 21:37:34,448 | INFO |       [性能] 未识别说话人，跳过后续处理
2026-03-25 21:37:34,448 | INFO |     [3.2] 处理分段 55780ms - 56270ms...
2026-03-25 21:37:34,448 | INFO |       [3.2] 分段时长过短(490ms)，跳过声纹识别。
2026-03-25 21:37:34,448 | INFO | ✅ 完成! 音频:59.7s | 耗时:9.04s | RTF:0.151 (RTF < 1表示可实时处理，值越低性能越好)
2026-03-25 21:37:34,448 | INFO |   [生命周期: 4. 组装响应] 开始...
2026-03-25 21:37:34,448 | INFO | 📤  [生命周期: 4. 组装响应] 完成, 返回 /transcribe 结果: {
  "full_text": "",
  "segments": [],
  "meta": {
    "process_time": 9.038863182067871,
    "audio_duration": 59.712,
    "rtf": 0.15137431641994692,
    "rtf_description": "Real-Time Factor(实时因子)，处理时间/音频时长，RTF < 1表示可实时处理，值越低性能越好"
  }
}
2026-03-25 21:37:34,450 | INFO | ✅ 转录完成: TermuxAudioRecording_2026-03-25_21-36-25.m4a
2026-03-25 21:37:34,450 | INFO |    文本长度: 0 字
2026-03-25 21:37:34,450 | INFO |    分段数: 0
2026-03-25 21:37:34,523 | INFO | 📦 已移动到: processed/2026-03-25/TermuxAudioRecording_2026-03-25_21-36-25.m4a
2026-03-25 21:37:37,529 | INFO | 🔍 正在扫描: /Volumes/download/records/Sony-2
2026-03-25 21:37:40,558 | INFO | 🔍 正在扫描: /Volumes/download/records/Sony-2
2026-03-25 21:37:43,594 | INFO | 🔍 正在扫描: /Volumes/download/records/Sony-2
2026-03-25 21:37:46,626 | INFO | 🔍 正在扫描: /Volumes/download/records/Sony-2
2026-03-25 21:37:49,664 | INFO | 🔍 正在扫描: /Volumes/download/records/Sony-2
2026-03-25 21:37:52,693 | INFO | 🔍 正在扫描: /Volumes/download/records/Sony-2
2026-03-25 21:37:55,722 | INFO | 🔍 正在扫描: /Volumes/download/records/Sony-2
2026-03-25 21:37:58,762 | INFO | 🔍 正在扫描: /Volumes/download/records/Sony-2
2026-03-25 21:38:01,803 | INFO | 🔍 正在扫描: /Volumes/download/records/Sony-2
2026-03-25 21:38:04,847 | INFO | 🔍 正在扫描: /Volumes/download/records/Sony-2
2026-03-25 21:38:07,894 | INFO | 🔍 正在扫描: /Volumes/download/records/Sony-2
2026-03-25 21:38:10,938 | INFO | 🔍 正在扫描: /Volumes/download/records/Sony-2
2026-03-25 21:38:13,983 | INFO | 🔍 正在扫描: /Volumes/download/records/Sony-2
2026-03-25 21:38:17,021 | INFO | 🔍 正在扫描: /Volumes/download/records/Sony-2
2026-03-25 21:38:20,072 | INFO | 🔍 正在扫描: /Volumes/download/records/Sony-2
2026-03-25 21:38:23,114 | INFO | 🔍 正在扫描: /Volumes/download/records/Sony-2
2026-03-25 21:38:26,154 | INFO | 🔍 正在扫描: /Volumes/download/records/Sony-2
2026-03-25 21:38:26,194 | INFO | 🔍 发现 1 个待处理文件
2026-03-25 21:38:26,194 | INFO |    处理顺序: TermuxAudioRecording_2026-03-25_21-37-25.m4a → ... → TermuxAudioRecording_2026-03-25_21-37-25.m4a
2026-03-25 21:38:26,194 | INFO | 📤 开始处理: TermuxAudioRecording_2026-03-25_21-37-25.m4a
2026-03-25 21:38:26,226 | INFO | 📥 收到转录任务: TermuxAudioRecording_2026-03-25_21-37-25.m4a
2026-03-25 21:38:26,226 | INFO |   [生命周期: 1. 音频预处理] 开始 (FFmpeg降噪、重采样、归一化)...
2026-03-25 21:38:27,442 | INFO |   [生命周期: 1. 音频预处理] 完成。
2026-03-25 21:38:27,496 | INFO |   [生命周期: 2. VAD & ASR] 开始 (FunASR语音检测与文字转录)...
2026-03-25 21:38:31,003 | INFO |   [生命周期: 2. VAD & ASR] 完成, VAD检出 5 个分段。
2026-03-25 21:38:31,003 | INFO |   [生命周期: 3. 逐段声纹识别] 开始...
2026-03-25 21:38:31,003 | INFO |     [3.1] 处理分段 3250ms - 5340ms...
2026-03-25 21:38:31,575 | INFO |       [SenseVoice] The. (情感: neutral)
2026-03-25 21:38:31,575 | INFO | 🎯 开始声纹识别: 音频段路径=temp/seg_3250_0_1774445911.wav
2026-03-25 21:38:31,575 | INFO | 📋 声纹数据库包含 5 个说话人
2026-03-25 21:38:31,759 | INFO |       [性能] 未识别说话人，跳过后续处理
2026-03-25 21:38:31,759 | INFO |     [3.2] 处理分段 5340ms - 39070ms...
2026-03-25 21:38:32,685 | INFO |       [SenseVoice] . (情感: neutral)
2026-03-25 21:38:32,685 | INFO | 🎯 开始声纹识别: 音频段路径=temp/seg_5340_1_1774445911.wav
2026-03-25 21:38:32,685 | INFO | 📋 声纹数据库包含 5 个说话人
2026-03-25 21:38:35,980 | INFO |       [性能] 未识别说话人，跳过后续处理
2026-03-25 21:38:35,980 | INFO |     [3.3] 处理分段 39070ms - 44460ms...
2026-03-25 21:38:36,678 | INFO |       [SenseVoice] . (情感: neutral)
2026-03-25 21:38:36,678 | INFO | 🎯 开始声纹识别: 音频段路径=temp/seg_39070_2_1774445915.wav
2026-03-25 21:38:36,678 | INFO | 📋 声纹数据库包含 5 个说话人
2026-03-25 21:38:37,138 | INFO |       [性能] 未识别说话人，跳过后续处理
2026-03-25 21:38:37,138 | INFO |     [3.4] 处理分段 44460ms - 49080ms...
2026-03-25 21:38:37,769 | INFO |       [SenseVoice] . (情感: neutral)
2026-03-25 21:38:37,769 | INFO | 🎯 开始声纹识别: 音频段路径=temp/seg_44460_3_1774445917.wav
2026-03-25 21:38:37,770 | INFO | 📋 声纹数据库包含 5 个说话人
2026-03-25 21:38:38,154 | INFO |       [性能] 未识别说话人，跳过后续处理
2026-03-25 21:38:38,154 | INFO |     [3.5] 处理分段 50910ms - 51580ms...
2026-03-25 21:38:38,154 | INFO |       [3.5] 分段时长过短(670ms)，跳过声纹识别。
2026-03-25 21:38:38,154 | INFO | ✅ 完成! 音频:59.8s | 耗时:11.93s | RTF:0.199 (RTF < 1表示可实时处理，值越低性能越好)
2026-03-25 21:38:38,154 | INFO |   [生命周期: 4. 组装响应] 开始...
2026-03-25 21:38:38,154 | INFO | 📤  [生命周期: 4. 组装响应] 完成, 返回 /transcribe 结果: {
  "full_text": "",
  "segments": [],
  "meta": {
    "process_time": 11.929604291915894,
    "audio_duration": 59.84,
    "rtf": 0.19935836049324687,
    "rtf_description": "Real-Time Factor(实时因子)，处理时间/音频时长，RTF < 1表示可实时处理，值越低性能越好"
  }
}
2026-03-25 21:38:38,156 | INFO | ✅ 转录完成: TermuxAudioRecording_2026-03-25_21-37-25.m4a
2026-03-25 21:38:38,156 | INFO |    文本长度: 0 字
2026-03-25 21:38:38,156 | INFO |    分段数: 0
2026-03-25 21:38:38,233 | INFO | 📦 已移动到: processed/2026-03-25/TermuxAudioRecording_2026-03-25_21-37-25.m4a
2026-03-25 21:38:41,239 | INFO | 🔍 正在扫描: /Volumes/download/records/Sony-2
2026-03-25 21:38:44,276 | INFO | 🔍 正在扫描: /Volumes/download/records/Sony-2
2026-03-25 21:38:47,307 | INFO | 🔍 正在扫描: /Volumes/download/records/Sony-2
2026-03-25 21:38:50,347 | INFO | 🔍 正在扫描: /Volumes/download/records/Sony-2
2026-03-25 21:38:53,379 | INFO | 🔍 正在扫描: /Volumes/download/records/Sony-2
2026-03-25 21:38:56,410 | INFO | 🔍 正在扫描: /Volumes/download/records/Sony-2
2026-03-25 21:38:59,452 | INFO | 🔍 正在扫描: /Volumes/download/records/Sony-2
2026-03-25 21:39:02,497 | INFO | 🔍 正在扫描: /Volumes/download/records/Sony-2
2026-03-25 21:39:05,551 | INFO | 🔍 正在扫描: /Volumes/download/records/Sony-2
2026-03-25 21:39:08,594 | INFO | 🔍 正在扫描: /Volumes/download/records/Sony-2
2026-03-25 21:39:11,633 | INFO | 🔍 正在扫描: /Volumes/download/records/Sony-2
2026-03-25 21:39:14,669 | INFO | 🔍 正在扫描: /Volumes/download/records/Sony-2
2026-03-25 21:39:17,710 | INFO | 🔍 正在扫描: /Volumes/download/records/Sony-2
2026-03-25 21:39:20,747 | INFO | 🔍 正在扫描: /Volumes/download/records/Sony-2
2026-03-25 21:39:23,787 | INFO | 🔍 正在扫描: /Volumes/download/records/Sony-2
2026-03-25 21:39:26,827 | INFO | 🔍 正在扫描: /Volumes/download/records/Sony-2
2026-03-25 21:39:26,873 | INFO | 🔍 发现 1 个待处理文件
2026-03-25 21:39:26,873 | INFO |    处理顺序: TermuxAudioRecording_2026-03-25_21-38-26.m4a → ... → TermuxAudioRecording_2026-03-25_21-38-26.m4a
2026-03-25 21:39:26,873 | INFO | 📤 开始处理: TermuxAudioRecording_2026-03-25_21-38-26.m4a
2026-03-25 21:39:26,904 | INFO | 📥 收到转录任务: TermuxAudioRecording_2026-03-25_21-38-26.m4a
2026-03-25 21:39:26,904 | INFO |   [生命周期: 1. 音频预处理] 开始 (FFmpeg降噪、重采样、归一化)...
2026-03-25 21:39:28,181 | INFO |   [生命周期: 1. 音频预处理] 完成。
2026-03-25 21:39:28,233 | INFO |   [生命周期: 2. VAD & ASR] 开始 (FunASR语音检测与文字转录)...
2026-03-25 21:39:30,772 | INFO |   [生命周期: 2. VAD & ASR] 完成, VAD检出 1 个分段。
2026-03-25 21:39:30,772 | INFO |   [生命周期: 3. 逐段声纹识别] 开始...
2026-03-25 21:39:30,772 | INFO |     [3.1] 处理分段 22510ms - 41560ms...
2026-03-25 21:39:31,545 | INFO |       [SenseVoice] . (情感: neutral)
2026-03-25 21:39:31,545 | INFO | 🎯 开始声纹识别: 音频段路径=temp/seg_22510_0_1774445970.wav
2026-03-25 21:39:31,545 | INFO | 📋 声纹数据库包含 5 个说话人
2026-03-25 21:39:33,343 | INFO |       [性能] 未识别说话人，跳过后续处理
2026-03-25 21:39:33,343 | INFO | ✅ 完成! 音频:59.8s | 耗时:6.44s | RTF:0.108 (RTF < 1表示可实时处理，值越低性能越好)
2026-03-25 21:39:33,343 | INFO |   [生命周期: 4. 组装响应] 开始...
2026-03-25 21:39:33,343 | INFO | 📤  [生命周期: 4. 组装响应] 完成, 返回 /transcribe 结果: {
  "full_text": "",
  "segments": [],
  "meta": {
    "process_time": 6.440315246582031,
    "audio_duration": 59.84,
    "rtf": 0.10762558901373714,
    "rtf_description": "Real-Time Factor(实时因子)，处理时间/音频时长，RTF < 1表示可实时处理，值越低性能越好"
  }
}
2026-03-25 21:39:33,345 | INFO | ✅ 转录完成: TermuxAudioRecording_2026-03-25_21-38-26.m4a
2026-03-25 21:39:33,345 | INFO |    文本长度: 0 字
2026-03-25 21:39:33,345 | INFO |    分段数: 0
2026-03-25 21:39:33,418 | INFO | 📦 已移动到: processed/2026-03-25/TermuxAudioRecording_2026-03-25_21-38-26.m4a
2026-03-25 21:39:36,424 | INFO | 🔍 正在扫描: /Volumes/download/records/Sony-2
2026-03-25 21:39:39,457 | INFO | 🔍 正在扫描: /Volumes/download/records/Sony-2
2026-03-25 21:39:42,516 | INFO | 🔍 正在扫描: /Volumes/download/records/Sony-2
2026-03-25 21:39:45,550 | INFO | 🔍 正在扫描: /Volumes/download/records/Sony-2
2026-03-25 21:39:48,584 | INFO | 🔍 正在扫描: /Volumes/download/records/Sony-2
2026-03-25 21:39:51,614 | INFO | 🔍 正在扫描: /Volumes/download/records/Sony-2
2026-03-25 21:39:54,642 | INFO | 🔍 正在扫描: /Volumes/download/records/Sony-2
2026-03-25 21:39:57,669 | INFO | 🔍 正在扫描: /Volumes/download/records/Sony-2
2026-03-25 21:40:00,712 | INFO | 🔍 正在扫描: /Volumes/download/records/Sony-2
2026-03-25 21:40:03,752 | INFO | 🔍 正在扫描: /Volumes/download/records/Sony-2
2026-03-25 21:40:06,784 | INFO | 🔍 正在扫描: /Volumes/download/records/Sony-2
2026-03-25 21:40:09,820 | INFO | 🔍 正在扫描: /Volumes/download/records/Sony-2
2026-03-25 21:40:12,863 | INFO | 🔍 正在扫描: /Volumes/download/records/Sony-2
2026-03-25 21:40:15,901 | INFO | 🔍 正在扫描: /Volumes/download/records/Sony-2
2026-03-25 21:40:18,947 | INFO | 🔍 正在扫描: /Volumes/download/records/Sony-2
2026-03-25 21:40:21,993 | INFO | 🔍 正在扫描: /Volumes/download/records/Sony-2
2026-03-25 21:40:25,053 | INFO | 🔍 正在扫描: /Volumes/download/records/Sony-2
2026-03-25 21:40:28,087 | INFO | 🔍 正在扫描: /Volumes/download/records/Sony-2
2026-03-25 21:40:28,133 | INFO | 🔍 发现 1 个待处理文件
2026-03-25 21:40:28,133 | INFO |    处理顺序: TermuxAudioRecording_2026-03-25_21-39-26.m4a → ... → TermuxAudioRecording_2026-03-25_21-39-26.m4a
2026-03-25 21:40:28,133 | INFO | 📤 开始处理: TermuxAudioRecording_2026-03-25_21-39-26.m4a
2026-03-25 21:40:28,168 | INFO | 📥 收到转录任务: TermuxAudioRecording_2026-03-25_21-39-26.m4a
2026-03-25 21:40:28,168 | INFO |   [生命周期: 1. 音频预处理] 开始 (FFmpeg降噪、重采样、归一化)...
2026-03-25 21:40:29,438 | INFO |   [生命周期: 1. 音频预处理] 完成。
2026-03-25 21:40:29,490 | INFO |   [生命周期: 2. VAD & ASR] 开始 (FunASR语音检测与文字转录)...
