  [Diarize Info] 服务端返回 0 个说话人分段。
  [Info] 服务端没有返回有效的说话人分离结果 (0分段)，尝试降级为普通转录...
  正在上传并等待转录结果 (超时: 3600s)...
  [Info] 服务端返回 0 个语音分段。
  [Failed] 普通转录也失败，跳过此文件

>>> 处理: recording-20251115-131644.m4a
  使用说话人分离模式处理音频
  [Diarize] 正在上传并等待说话人分离结果...
  [Diarize Info] 服务端返回 0 个说话人分段。
  [Info] 服务端没有返回有效的说话人分离结果 (0分段)，尝试降级为普通转录...
  正在上传并等待转录结果 (超时: 3600s)...
  [Info] 服务端返回 0 个语音分段。
  [Failed] 普通转录也失败，跳过此文件

>>> 处理: recording-20251115-131744.m4a
  使用说话人分离模式处理音频
  [Diarize] 正在上传并等待说话人分离结果...
  [Diarize Info] 服务端返回 0 个说话人分段。
  [Info] 服务端没有返回有效的说话人分离结果 (0分段)，尝试降级为普通转录...
  正在上传并等待转录结果 (超时: 3600s)...
  [Info] 服务端返回 0 个语音分段。
  [Failed] 普通转录也失败，跳过此文件

>>> 处理: recording-20251115-131844.m4a
  使用说话人分离模式处理音频
  [Diarize] 正在上传并等待说话人分离结果...
  [Diarize Info] 服务端返回 0 个说话人分段。
  [Info] 服务端没有返回有效的说话人分离结果 (0分段)，尝试降级为普通转录...
  正在上传并等待转录结果 (超时: 3600s)...
  [Info] 服务端返回 0 个语音分段。
  [Failed] 普通转录也失败，跳过此文件

>>> 处理: recording-20251115-131944.m4a
  使用说话人分离模式处理音频
  [Diarize] 正在上传并等待说话人分离结果...
  [Diarize Info] 服务端返回 0 个说话人分段。
  [Info] 服务端没有返回有效的说话人分离结果 (0分段)，尝试降级为普通转录...
  正在上传并等待转录结果 (超时: 3600s)...
  [Info] 服务端返回 0 个语音分段。
  [Failed] 普通转录也失败，跳过此文件

>>> 处理: recording-20251115-132044.m4a
  使用说话人分离模式处理音频
  [Diarize] 正在上传并等待说话人分离结果...
  [Diarize Info] 服务端返回 0 个说话人分段。
  [Info] 服务端没有返回有效的说话人分离结果 (0分段)，尝试降级为普通转录...
  正在上传并等待转录结果 (超时: 3600s)...
  [Info] 服务端返回 0 个语音分段。
  [Failed] 普通转录也失败，跳过此文件

>>> 处理: recording-20251115-132144.m4a
  使用说话人分离模式处理音频
  [Diarize] 正在上传并等待说话人分离结果...
  [Diarize Info] 服务端返回 0 个说话人分段。
  [Info] 服务端没有返回有效的说话人分离结果 (0分段)，尝试降级为普通转录...
  正在上传并等待转录结果 (超时: 3600s)...
  [Info] 服务端返回 0 个语音分段。
  [Failed] 普通转录也失败，跳过此文件

>>> 处理: recording-20251115-132244.m4a
  使用说话人分离模式处理音频
  [Diarize] 正在上传并等待说话人分离结果...
--- 启动实时监控模式 (SenseVoice 适配版) ---
监控目录: V:\Sony-2
初始化数据库连接池...
[DB] PostgreSQL连接池创建成功
[DB] 数据库表结构初始化成功
发现 3246 个新文件，开始处理...

>>> 处理: recording-20251115-131250.m4a
  使用说话人分离模式处理音频
  [Diarize] 正在上传并等待说话人分离结果...
  [Diarize Connection Error] 无法连接服务端，等待 5秒 后重试...
  [Diarize] 网络波动，正在重试 (2/3)...
  [Diarize Connection Error] 无法连接服务端，等待 5秒 后重试...
  [Diarize] 网络波动，正在重试 (3/3)...
  [Diarize Connection Error] 无法连接服务端，等待 5秒 后重试...
  [Diarize Failed] 重试次数耗尽，跳过此文件
  [Info] 服务端没有返回有效的说话人分离结果 (0分段)，尝试降级为普通转录...
  正在上传并等待转录结果 (超时: 3600s)...
  [Info] 服务端返回 0 个语音分段。
  [Failed] 普通转录也失败，跳过此文件

>>> 处理: recording-20251115-131344.m4a
  使用说话人分离模式处理音频
  [Diarize] 正在上传并等待说话人分离结果...
  [Diarize Info] 服务端返回 0 个说话人分段。
  [Info] 服务端没有返回有效的说话人分离结果 (0分段)，尝试降级为普通转录...
  正在上传并等待转录结果 (超时: 3600s)...
  [Info] 服务端返回 0 个语音分段。
  [Failed] 普通转录也失败，跳过此文件

>>> 处理: recording-20251115-131444.m4a
  使用说话人分离模式处理音频
  [Diarize] 正在上传并等待说话人分离结果...
  [Diarize Info] 服务端返回 0 个说话人分段。
  [Info] 服务端没有返回有效的说话人分离结果 (0分段)，尝试降级为普通转录...
  正在上传并等待转录结果 (超时: 3600s)...
  [Info] 服务端返回 0 个语音分段。
  [Failed] 普通转录也失败，跳过此文件

>>> 处理: recording-20251115-131544.m4a
  使用说话人分离模式处理音频
  [Diarize] 正在上传并等待说话人分离结果...
  [Diarize Info] 服务端返回 0 个说话人分段。
  [Info] 服务端没有返回有效的说话人分离结果 (0分段)，尝试降级为普通转录...
  正在上传并等待转录结果 (超时: 3600s)...
  [Info] 服务端返回 0 个语音分段。
  [Failed] 普通转录也失败，跳过此文件

>>> 处理: recording-20251115-131644.m4a
  使用说话人分离模式处理音频
  [Diarize] 正在上传并等待说话人分离结果...
  [Diarize Info] 服务端返回 0 个说话人分段。
  [Info] 服务端没有返回有效的说话人分离结果 (0分段)，尝试降级为普通转录...
  正在上传并等待转录结果 (超时: 3600s)...
  [Info] 服务端返回 0 个语音分段。
  [Failed] 普通转录也失败，跳过此文件

>>> 处理: recording-20251115-131744.m4a
  使用说话人分离模式处理音频
  [Diarize] 正在上传并等待说话人分离结果...
  [Diarize Info] 服务端返回 0 个说话人分段。
  [Info] 服务端没有返回有效的说话人分离结果 (0分段)，尝试降级为普通转录...
  正在上传并等待转录结果 (超时: 3600s)...
  [Info] 服务端返回 0 个语音分段。
  [Failed] 普通转录也失败，跳过此文件

>>> 处理: recording-20251115-131844.m4a
  使用说话人分离模式处理音频
  [Diarize] 正在上传并等待说话人分离结果...
  [Diarize Info] 服务端返回 0 个说话人分段。
  [Info] 服务端没有返回有效的说话人分离结果 (0分段)，尝试降级为普通转录...
  正在上传并等待转录结果 (超时: 3600s)...
  [Info] 服务端返回 0 个语音分段。
  [Failed] 普通转录也失败，跳过此文件

>>> 处理: recording-20251115-131944.m4a
  使用说话人分离模式处理音频
  [Diarize] 正在上传并等待说话人分离结果...
  [Diarize Info] 服务端返回 0 个说话人分段。
  [Info] 服务端没有返回有效的说话人分离结果 (0分段)，尝试降级为普通转录...
  正在上传并等待转录结果 (超时: 3600s)...
--- 启动实时监控模式 (SenseVoice 适配版) ---
监控目录: V:\Sony-2
初始化数据库连接池...
[DB] PostgreSQL连接池创建成功
[DB] 数据库表结构初始化成功
发现 3235 个新文件，开始处理...

>>> 处理: recording-20251115-131250.m4a
  使用说话人分离模式处理音频
  [Diarize] 正在上传并等待说话人分离结果...
  [Diarize Connection Error] 无法连接服务端，等待 5秒 后重试...
  [Diarize] 网络波动，正在重试 (2/3)...
  [Diarize Connection Error] 无法连接服务端，等待 5秒 后重试...
  [Diarize] 网络波动，正在重试 (3/3)...
  [Diarize Info] 服务端返回 0 个说话人分段。
  [Info] 服务端没有返回有效的说话人分离结果 (0分段)，尝试降级为普通转录...
  正在上传并等待转录结果 (超时: 3600s)...
  [Info] 服务端返回 0 个语音分段。
  [Failed] 普通转录也失败，跳过此文件

>>> 处理: recording-20251115-131344.m4a
  使用说话人分离模式处理音频
  [Diarize] 正在上传并等待说话人分离结果...
  [Diarize Info] 服务端返回 0 个说话人分段。
  [Info] 服务端没有返回有效的说话人分离结果 (0分段)，尝试降级为普通转录...
  正在上传并等待转录结果 (超时: 3600s)...
  [Info] 服务端返回 0 个语音分段。
  [Failed] 普通转录也失败，跳过此文件

>>> 处理: recording-20251115-131444.m4a
  使用说话人分离模式处理音频
  [Diarize] 正在上传并等待说话人分离结果...
  [Diarize Info] 服务端返回 0 个说话人分段。
  [Info] 服务端没有返回有效的说话人分离结果 (0分段)，尝试降级为普通转录...
  正在上传并等待转录结果 (超时: 3600s)...
  [Info] 服务端返回 0 个语音分段。
  [Failed] 普通转录也失败，跳过此文件

>>> 处理: recording-20251115-131544.m4a
  使用说话人分离模式处理音频
  [Diarize] 正在上传并等待说话人分离结果...
  [Diarize Info] 服务端返回 0 个说话人分段。
  [Info] 服务端没有返回有效的说话人分离结果 (0分段)，尝试降级为普通转录...
  正在上传并等待转录结果 (超时: 3600s)...
  [Info] 服务端返回 0 个语音分段。
  [Failed] 普通转录也失败，跳过此文件

>>> 处理: recording-20251115-131644.m4a
  使用说话人分离模式处理音频
  [Diarize] 正在上传并等待说话人分离结果...
  [Diarize Info] 服务端返回 0 个说话人分段。
  [Info] 服务端没有返回有效的说话人分离结果 (0分段)，尝试降级为普通转录...
  正在上传并等待转录结果 (超时: 3600s)...
  [Info] 服务端返回 0 个语音分段。
  [Failed] 普通转录也失败，跳过此文件

>>> 处理: recording-20251115-131744.m4a
  使用说话人分离模式处理音频
  [Diarize] 正在上传并等待说话人分离结果...
  [Diarize Info] 服务端返回 0 个说话人分段。
  [Info] 服务端没有返回有效的说话人分离结果 (0分段)，尝试降级为普通转录...
  正在上传并等待转录结果 (超时: 3600s)...
  [Info] 服务端返回 0 个语音分段。
  [Failed] 普通转录也失败，跳过此文件

>>> 处理: recording-20251115-131844.m4a
  使用说话人分离模式处理音频
  [Diarize] 正在上传并等待说话人分离结果...
  [Diarize Info] 服务端返回 0 个说话人分段。
  [Info] 服务端没有返回有效的说话人分离结果 (0分段)，尝试降级为普通转录...
  正在上传并等待转录结果 (超时: 3600s)...
  [Info] 服务端返回 0 个语音分段。
  [Failed] 普通转录也失败，跳过此文件

>>> 处理: recording-20251115-131944.m4a
  使用说话人分离模式处理音频
  [Diarize] 正在上传并等待说话人分离结果...
  [Diarize Info] 服务端返回 0 个说话人分段。
  [Info] 服务端没有返回有效的说话人分离结果 (0分段)，尝试降级为普通转录...
  正在上传并等待转录结果 (超时: 3600s)...
  [Info] 服务端返回 0 个语音分段。
  [Failed] 普通转录也失败，跳过此文件

>>> 处理: recording-20251115-131944_TEMP.wav
  [Error] 文件在处理前消失: recording-20251115-131944_TEMP.wav。可能已被移动或删除，已跳过。

>>> 处理: recording-20251115-132044.m4a
  使用说话人分离模式处理音频
  [Diarize] 正在上传并等待说话人分离结果...
--- 启动实时监控模式 (SenseVoice 适配版) ---
监控目录: V:\Sony-2
初始化数据库连接池...
[DB] PostgreSQL连接池创建成功
[DB] 数据库表结构初始化成功
发现 3251 个新文件，开始处理...

>>> 处理: recording-20251115-131250.m4a
  使用说话人分离模式处理音频
  [Diarize] 正在上传并等待说话人分离结果...
  [Diarize Connection Error] 无法连接服务端，等待 5秒 后重试...
  [Diarize] 网络波动，正在重试 (2/3)...
  [Diarize Connection Error] 无法连接服务端，等待 5秒 后重试...
  [Diarize] 网络波动，正在重试 (3/3)...
  [Diarize Connection Error] 无法连接服务端，等待 5秒 后重试...
  [Diarize Failed] 重试次数耗尽，跳过此文件
  [Info] 服务端没有返回有效的说话人分离结果 (0分段)，尝试降级为普通转录...
  正在上传并等待转录结果 (超时: 3600s)...
  [Connection Error] 无法连接服务端，等待 5秒 后重试...
  网络波动，正在重试 (2/3)...
  [Info] 服务端返回 0 个语音分段。
  [Failed] 普通转录也失败，跳过此文件

>>> 处理: recording-20251115-131344.m4a
  使用说话人分离模式处理音频
  [Diarize] 正在上传并等待说话人分离结果...
  [Diarize Info] 服务端返回 0 个说话人分段。
  [Info] 服务端没有返回有效的说话人分离结果 (0分段)，尝试降级为普通转录...
  正在上传并等待转录结果 (超时: 3600s)...
  [Info] 服务端返回 0 个语音分段。
  [Failed] 普通转录也失败，跳过此文件

>>> 处理: recording-20251115-131444.m4a
  使用说话人分离模式处理音频
  [Diarize] 正在上传并等待说话人分离结果...
  [Diarize Info] 服务端返回 0 个说话人分段。
  [Info] 服务端没有返回有效的说话人分离结果 (0分段)，尝试降级为普通转录...
  正在上传并等待转录结果 (超时: 3600s)...
  [Info] 服务端返回 0 个语音分段。
  [Failed] 普通转录也失败，跳过此文件

>>> 处理: recording-20251115-131544.m4a
  使用说话人分离模式处理音频
  [Diarize] 正在上传并等待说话人分离结果...
  [Diarize Info] 服务端返回 0 个说话人分段。
  [Info] 服务端没有返回有效的说话人分离结果 (0分段)，尝试降级为普通转录...
  正在上传并等待转录结果 (超时: 3600s)...
  [Info] 服务端返回 0 个语音分段。
  [Failed] 普通转录也失败，跳过此文件

>>> 处理: recording-20251115-131644.m4a
  使用说话人分离模式处理音频
  [Diarize] 正在上传并等待说话人分离结果...
  [Diarize Info] 服务端返回 0 个说话人分段。
  [Info] 服务端没有返回有效的说话人分离结果 (0分段)，尝试降级为普通转录...
  正在上传并等待转录结果 (超时: 3600s)...
  [Info] 服务端返回 0 个语音分段。
  [Failed] 普通转录也失败，跳过此文件

>>> 处理: recording-20251115-131744.m4a
  使用说话人分离模式处理音频
  [Diarize] 正在上传并等待说话人分离结果...
--- 启动实时监控模式 (SenseVoice 适配版) ---
监控目录: V:\Sony-2
初始化数据库连接池...
[DB] PostgreSQL连接池创建成功
[DB] 数据库表结构初始化成功
发现 2345 个新文件，开始处理...

>>> 处理: recording-20251115-131250.m4a
  使用说话人分离模式处理音频
  [Diarize] 正在上传并等待说话人分离结果...
  [Diarize Connection Error] 无法连接服务端，等待 5秒 后重试...
  [Diarize] 网络波动，正在重试 (2/3)...
  [Diarize Connection Error] 无法连接服务端，等待 5秒 后重试...
  [Diarize] 网络波动，正在重试 (3/3)...
  [Diarize Info] 服务端返回 0 个说话人分段。
  [Info] 服务端没有返回有效的说话人分离结果 (0分段)，尝试降级为普通转录...
  正在上传并等待转录结果 (超时: 3600s)...
  [Info] 服务端返回 0 个语音分段。
  [Failed] 普通转录也失败，跳过此文件

>>> 处理: recording-20251115-131344.m4a
  使用说话人分离模式处理音频
  [Diarize] 正在上传并等待说话人分离结果...
  [Diarize Info] 服务端返回 0 个说话人分段。
  [Info] 服务端没有返回有效的说话人分离结果 (0分段)，尝试降级为普通转录...
  正在上传并等待转录结果 (超时: 3600s)...
  [Info] 服务端返回 0 个语音分段。
  [Failed] 普通转录也失败，跳过此文件

>>> 处理: recording-20251115-131444.m4a
  使用说话人分离模式处理音频
  [Diarize] 正在上传并等待说话人分离结果...
  [Diarize Info] 服务端返回 0 个说话人分段。
  [Info] 服务端没有返回有效的说话人分离结果 (0分段)，尝试降级为普通转录...
  正在上传并等待转录结果 (超时: 3600s)...
  [Info] 服务端返回 0 个语音分段。
  [Failed] 普通转录也失败，跳过此文件

>>> 处理: recording-20251115-131544.m4a
  使用说话人分离模式处理音频
  [Diarize] 正在上传并等待说话人分离结果...
  [Diarize Info] 服务端返回 0 个说话人分段。
  [Info] 服务端没有返回有效的说话人分离结果 (0分段)，尝试降级为普通转录...
  正在上传并等待转录结果 (超时: 3600s)...
  [Info] 服务端返回 0 个语音分段。
  [Failed] 普通转录也失败，跳过此文件

>>> 处理: recording-20251115-131644.m4a
  使用说话人分离模式处理音频
  [Diarize] 正在上传并等待说话人分离结果...
  [Diarize Info] 服务端返回 0 个说话人分段。
  [Info] 服务端没有返回有效的说话人分离结果 (0分段)，尝试降级为普通转录...
  正在上传并等待转录结果 (超时: 3600s)...
  [Info] 服务端返回 0 个语音分段。
  [Failed] 普通转录也失败，跳过此文件

>>> 处理: recording-20251115-131744.m4a
  使用说话人分离模式处理音频
  [Diarize] 正在上传并等待说话人分离结果...
  [Diarize Info] 服务端返回 0 个说话人分段。
  [Info] 服务端没有返回有效的说话人分离结果 (0分段)，尝试降级为普通转录...
  正在上传并等待转录结果 (超时: 3600s)...
  [Info] 服务端返回 0 个语音分段。
  [Failed] 普通转录也失败，跳过此文件

>>> 处理: recording-20251115-131744_TEMP.wav
  [Error] 文件在处理前消失: recording-20251115-131744_TEMP.wav。可能已被移动或删除，已跳过。

>>> 处理: recording-20251115-131844.m4a
  使用说话人分离模式处理音频
  [Diarize] 正在上传并等待说话人分离结果...
  [Diarize Info] 服务端返回 0 个说话人分段。
  [Info] 服务端没有返回有效的说话人分离结果 (0分段)，尝试降级为普通转录...
  正在上传并等待转录结果 (超时: 3600s)...
  [Info] 服务端返回 0 个语音分段。
  [Failed] 普通转录也失败，跳过此文件

>>> 处理: recording-20251115-131944.m4a
  使用说话人分离模式处理音频
  [Diarize] 正在上传并等待说话人分离结果...
  [Diarize Info] 服务端返回 0 个说话人分段。
  [Info] 服务端没有返回有效的说话人分离结果 (0分段)，尝试降级为普通转录...
  正在上传并等待转录结果 (超时: 3600s)...
  [Info] 服务端返回 0 个语音分段。
  [Failed] 普通转录也失败，跳过此文件

>>> 处理: recording-20251115-132044.m4a
  使用说话人分离模式处理音频
  [Diarize] 正在上传并等待说话人分离结果...
  [Diarize Info] 服务端返回 0 个说话人分段。
  [Info] 服务端没有返回有效的说话人分离结果 (0分段)，尝试降级为普通转录...
  正在上传并等待转录结果 (超时: 3600s)...
--- 启动实时监控模式 (SenseVoice 适配版) ---
监控目录: V:\Sony-2
初始化数据库连接池...
[DB] PostgreSQL连接池创建成功
[DB] 数据库表结构初始化成功
发现 2332 个新文件，开始处理...

>>> 处理: recording-20251115-131250.m4a
  使用说话人分离模式处理音频
  [Diarize] 正在上传并等待说话人分离结果...
  [Diarize Connection Error] 无法连接服务端，等待 5秒 后重试...
  [Diarize] 网络波动，正在重试 (2/3)...
  [Diarize Connection Error] 无法连接服务端，等待 5秒 后重试...
  [Diarize] 网络波动，正在重试 (3/3)...
  [Diarize Info] 服务端返回 0 个说话人分段。
  [Info] 服务端没有返回有效的说话人分离结果 (0分段)，尝试降级为普通转录...
  正在上传并等待转录结果 (超时: 3600s)...
  [Info] 服务端返回 0 个语音分段。
  [Failed] 普通转录也失败，跳过此文件

>>> 处理: recording-20251115-131344.m4a
  使用说话人分离模式处理音频
  [Diarize] 正在上传并等待说话人分离结果...
  [Diarize Info] 服务端返回 0 个说话人分段。
  [Info] 服务端没有返回有效的说话人分离结果 (0分段)，尝试降级为普通转录...
  正在上传并等待转录结果 (超时: 3600s)...
  [Info] 服务端返回 0 个语音分段。
  [Failed] 普通转录也失败，跳过此文件

>>> 处理: recording-20251115-131444.m4a
  使用说话人分离模式处理音频
  [Diarize] 正在上传并等待说话人分离结果...
  [Diarize Info] 服务端返回 0 个说话人分段。
  [Info] 服务端没有返回有效的说话人分离结果 (0分段)，尝试降级为普通转录...
  正在上传并等待转录结果 (超时: 3600s)...
  [Info] 服务端返回 0 个语音分段。
  [Failed] 普通转录也失败，跳过此文件

>>> 处理: recording-20251115-131544.m4a
  使用说话人分离模式处理音频
  [Diarize] 正在上传并等待说话人分离结果...
  [Diarize Info] 服务端返回 0 个说话人分段。
  [Info] 服务端没有返回有效的说话人分离结果 (0分段)，尝试降级为普通转录...
  正在上传并等待转录结果 (超时: 3600s)...
  [Info] 服务端返回 0 个语音分段。
  [Failed] 普通转录也失败，跳过此文件

>>> 处理: recording-20251115-131644.m4a
  使用说话人分离模式处理音频
  [Diarize] 正在上传并等待说话人分离结果...
